{"/home/vera/url-fuzzing/languagefuzzing/JavaScriptCoverage/node_modules/urijs/src/URI.js":{"path":"/home/vera/url-fuzzing/languagefuzzing/JavaScriptCoverage/node_modules/urijs/src/URI.js","s":{"1":1,"2":1,"3":1,"4":0,"5":0,"6":0,"7":1,"8":1,"9":15,"10":15,"11":15,"12":0,"13":0,"14":0,"15":0,"16":0,"17":15,"18":0,"19":0,"20":0,"21":0,"22":0,"23":15,"24":0,"25":0,"26":15,"27":15,"28":0,"29":15,"30":1,"31":2,"32":1,"33":1,"34":1,"35":1,"36":0,"37":1,"38":0,"39":0,"40":0,"41":1,"42":0,"43":1,"44":0,"45":0,"46":0,"47":0,"48":0,"49":0,"50":0,"51":0,"52":0,"53":0,"54":0,"55":0,"56":0,"57":0,"58":0,"59":1,"60":0,"61":0,"62":0,"63":0,"64":0,"65":0,"66":0,"67":0,"68":0,"69":0,"70":0,"71":0,"72":0,"73":0,"74":1,"75":0,"76":0,"77":0,"78":0,"79":0,"80":0,"81":0,"82":0,"83":0,"84":0,"85":1,"86":0,"87":0,"88":1,"89":15,"90":1,"91":1,"92":1,"93":1,"94":1,"95":1,"96":1,"97":1,"98":1,"99":1,"100":1,"101":1,"102":1,"103":1,"104":1,"105":0,"106":0,"107":0,"108":0,"109":0,"110":0,"111":1,"112":0,"113":1,"114":0,"115":1,"116":1,"117":1,"118":0,"119":0,"120":1,"121":0,"122":0,"123":1,"124":1,"125":0,"126":0,"127":0,"128":0,"129":1,"130":0,"131":0,"132":0,"133":0,"134":0,"135":0,"136":1,"137":1,"138":1,"139":5,"140":0,"141":0,"142":0,"143":0,"144":1,"145":2,"146":2,"147":1,"148":4,"149":0,"150":0,"151":0,"152":0,"153":0,"154":0,"155":0,"156":0,"157":0,"158":1,"159":1,"160":1,"161":1,"162":1,"163":1,"164":15,"165":15,"166":0,"167":15,"168":15,"169":1,"170":1,"171":15,"172":15,"173":3,"174":3,"175":15,"176":2,"177":2,"178":2,"179":13,"180":13,"181":12,"182":12,"183":0,"184":12,"185":10,"186":10,"187":2,"188":2,"189":15,"190":15,"191":1,"192":12,"193":0,"194":12,"195":12,"196":12,"197":12,"198":12,"199":4,"200":12,"201":3,"202":3,"203":3,"204":3,"205":0,"206":9,"207":9,"208":9,"209":9,"210":0,"211":0,"212":9,"213":9,"214":9,"215":12,"216":4,"217":4,"218":12,"219":0,"220":12,"221":2,"222":12,"223":1,"224":12,"225":12,"226":1,"227":12,"228":12,"229":12,"230":12,"231":3,"232":3,"233":3,"234":3,"235":3,"236":9,"237":9,"238":12,"239":1,"240":0,"241":0,"242":0,"243":0,"244":0,"245":0,"246":0,"247":0,"248":0,"249":0,"250":0,"251":0,"252":0,"253":0,"254":0,"255":0,"256":0,"257":0,"258":0,"259":1,"260":0,"261":0,"262":0,"263":0,"264":0,"265":0,"266":0,"267":0,"268":0,"269":0,"270":0,"271":0,"272":0,"273":0,"274":0,"275":0,"276":0,"277":1,"278":0,"279":0,"280":0,"281":0,"282":0,"283":0,"284":0,"285":0,"286":0,"287":1,"288":0,"289":1,"290":0,"291":0,"292":0,"293":0,"294":0,"295":0,"296":0,"297":0,"298":1,"299":0,"300":0,"301":0,"302":0,"303":0,"304":0,"305":0,"306":0,"307":0,"308":0,"309":0,"310":0,"311":0,"312":0,"313":1,"314":0,"315":1,"316":0,"317":0,"318":0,"319":0,"320":0,"321":0,"322":0,"323":0,"324":0,"325":0,"326":0,"327":0,"328":0,"329":0,"330":1,"331":0,"332":0,"333":0,"334":0,"335":0,"336":0,"337":0,"338":1,"339":0,"340":0,"341":0,"342":0,"343":0,"344":0,"345":0,"346":0,"347":0,"348":0,"349":0,"350":0,"351":0,"352":0,"353":0,"354":0,"355":0,"356":0,"357":0,"358":0,"359":0,"360":0,"361":0,"362":0,"363":1,"364":0,"365":0,"366":0,"367":0,"368":0,"369":0,"370":0,"371":0,"372":0,"373":0,"374":0,"375":0,"376":0,"377":0,"378":0,"379":0,"380":0,"381":0,"382":0,"383":0,"384":0,"385":0,"386":0,"387":0,"388":0,"389":0,"390":0,"391":0,"392":0,"393":0,"394":0,"395":0,"396":0,"397":0,"398":1,"399":0,"400":0,"401":0,"402":0,"403":0,"404":0,"405":0,"406":0,"407":0,"408":0,"409":0,"410":0,"411":0,"412":0,"413":0,"414":0,"415":0,"416":0,"417":1,"418":0,"419":0,"420":0,"421":0,"422":0,"423":0,"424":0,"425":0,"426":0,"427":0,"428":0,"429":1,"430":0,"431":0,"432":0,"433":0,"434":0,"435":0,"436":0,"437":0,"438":0,"439":0,"440":0,"441":0,"442":0,"443":0,"444":0,"445":0,"446":0,"447":0,"448":0,"449":0,"450":0,"451":0,"452":0,"453":0,"454":0,"455":0,"456":0,"457":0,"458":0,"459":0,"460":0,"461":0,"462":0,"463":0,"464":0,"465":0,"466":0,"467":0,"468":0,"469":0,"470":0,"471":0,"472":1,"473":0,"474":0,"475":0,"476":0,"477":0,"478":0,"479":0,"480":0,"481":0,"482":0,"483":0,"484":0,"485":1,"486":2,"487":0,"488":2,"489":2,"490":2,"491":0,"492":1,"493":0,"494":0,"495":0,"496":0,"497":0,"498":0,"499":0,"500":0,"501":0,"502":0,"503":0,"504":0,"505":1,"506":15,"507":15,"508":0,"509":0,"510":0,"511":15,"512":1,"513":0,"514":1,"515":0,"516":1,"517":5,"518":0,"519":0,"520":0,"521":0,"522":0,"523":1,"524":2,"525":0,"526":0,"527":0,"528":0,"529":0,"530":0,"531":0,"532":0,"533":0,"534":1,"535":1,"536":1,"537":1,"538":1,"539":1,"540":1,"541":1,"542":0,"543":0,"544":1,"545":0,"546":0,"547":1,"548":0,"549":0,"550":0,"551":0,"552":0,"553":0,"554":0,"555":0,"556":1,"557":1,"558":15,"559":15,"560":0,"561":15,"562":15,"563":15,"564":15,"565":15,"566":0,"567":0,"568":0,"569":15,"570":0,"571":15,"572":15,"573":0,"574":0,"575":0,"576":0,"577":0,"578":0,"579":0,"580":0,"581":0,"582":0,"583":15,"584":15,"585":1,"586":0,"587":0,"588":0,"589":0,"590":0,"591":0,"592":0,"593":0,"594":0,"595":0,"596":0,"597":0,"598":0,"599":0,"600":0,"601":0,"602":0,"603":0,"604":0,"605":0,"606":0,"607":0,"608":0,"609":0,"610":0,"611":0,"612":0,"613":0,"614":0,"615":0,"616":1,"617":1,"618":1,"619":1,"620":0,"621":0,"622":0,"623":0,"624":0,"625":1,"626":1,"627":0,"628":0,"629":0,"630":0,"631":0,"632":0,"633":0,"634":0,"635":0,"636":0,"637":0,"638":1,"639":0,"640":0,"641":0,"642":0,"643":0,"644":0,"645":0,"646":0,"647":0,"648":0,"649":0,"650":1,"651":0,"652":0,"653":0,"654":0,"655":0,"656":0,"657":0,"658":0,"659":0,"660":0,"661":0,"662":1,"663":0,"664":0,"665":0,"666":0,"667":0,"668":0,"669":0,"670":0,"671":0,"672":1,"673":0,"674":0,"675":0,"676":0,"677":0,"678":0,"679":0,"680":0,"681":0,"682":1,"683":0,"684":0,"685":0,"686":0,"687":0,"688":0,"689":0,"690":0,"691":0,"692":0,"693":1,"694":0,"695":0,"696":0,"697":0,"698":0,"699":0,"700":0,"701":0,"702":0,"703":1,"704":0,"705":0,"706":0,"707":0,"708":0,"709":0,"710":0,"711":0,"712":0,"713":0,"714":0,"715":0,"716":0,"717":0,"718":0,"719":0,"720":0,"721":0,"722":0,"723":1,"724":0,"725":0,"726":0,"727":0,"728":0,"729":0,"730":0,"731":0,"732":0,"733":0,"734":0,"735":0,"736":0,"737":0,"738":0,"739":0,"740":0,"741":0,"742":0,"743":0,"744":0,"745":0,"746":0,"747":0,"748":0,"749":1,"750":0,"751":0,"752":0,"753":0,"754":0,"755":0,"756":0,"757":0,"758":0,"759":0,"760":0,"761":0,"762":0,"763":0,"764":0,"765":0,"766":0,"767":0,"768":0,"769":0,"770":0,"771":0,"772":0,"773":0,"774":0,"775":0,"776":0,"777":1,"778":0,"779":0,"780":0,"781":0,"782":0,"783":0,"784":0,"785":0,"786":0,"787":0,"788":0,"789":0,"790":0,"791":0,"792":0,"793":0,"794":0,"795":0,"796":0,"797":0,"798":0,"799":0,"800":0,"801":0,"802":1,"803":0,"804":0,"805":0,"806":0,"807":0,"808":0,"809":0,"810":0,"811":0,"812":0,"813":0,"814":0,"815":0,"816":0,"817":0,"818":0,"819":0,"820":0,"821":0,"822":0,"823":1,"824":0,"825":0,"826":0,"827":0,"828":0,"829":0,"830":0,"831":0,"832":0,"833":0,"834":0,"835":0,"836":0,"837":0,"838":0,"839":0,"840":0,"841":0,"842":0,"843":0,"844":0,"845":0,"846":0,"847":0,"848":0,"849":0,"850":0,"851":0,"852":0,"853":1,"854":0,"855":0,"856":0,"857":0,"858":0,"859":0,"860":0,"861":0,"862":0,"863":0,"864":0,"865":0,"866":0,"867":0,"868":0,"869":0,"870":0,"871":0,"872":0,"873":0,"874":0,"875":0,"876":0,"877":0,"878":0,"879":0,"880":0,"881":0,"882":0,"883":0,"884":0,"885":0,"886":0,"887":0,"888":0,"889":0,"890":1,"891":0,"892":0,"893":0,"894":0,"895":0,"896":0,"897":0,"898":0,"899":0,"900":0,"901":0,"902":0,"903":0,"904":0,"905":0,"906":0,"907":0,"908":1,"909":1,"910":0,"911":0,"912":0,"913":0,"914":0,"915":0,"916":0,"917":0,"918":0,"919":0,"920":0,"921":0,"922":0,"923":1,"924":0,"925":0,"926":0,"927":0,"928":0,"929":0,"930":0,"931":0,"932":0,"933":0,"934":0,"935":0,"936":0,"937":1,"938":0,"939":0,"940":0,"941":0,"942":0,"943":0,"944":0,"945":1,"946":0,"947":0,"948":0,"949":0,"950":0,"951":0,"952":0,"953":1,"954":0,"955":0,"956":1,"957":1,"958":1,"959":1,"960":1,"961":0,"962":0,"963":0,"964":1,"965":0,"966":0,"967":0,"968":0,"969":1,"970":0,"971":0,"972":0,"973":0,"974":0,"975":0,"976":0,"977":0,"978":1,"979":0,"980":0,"981":0,"982":0,"983":1,"984":0,"985":0,"986":0,"987":0,"988":0,"989":0,"990":0,"991":0,"992":0,"993":0,"994":0,"995":0,"996":0,"997":0,"998":0,"999":0,"1000":0,"1001":0,"1002":0,"1003":0,"1004":0,"1005":0,"1006":0,"1007":0,"1008":0,"1009":0,"1010":0,"1011":0,"1012":0,"1013":0,"1014":0,"1015":0,"1016":0,"1017":0,"1018":0,"1019":0,"1020":0,"1021":0,"1022":0,"1023":1,"1024":1,"1025":0,"1026":0,"1027":0,"1028":0,"1029":0,"1030":0,"1031":1,"1032":0,"1033":0,"1034":0,"1035":0,"1036":1,"1037":1,"1038":1,"1039":0,"1040":0,"1041":0,"1042":0,"1043":0,"1044":0,"1045":0,"1046":0,"1047":0,"1048":1,"1049":0,"1050":0,"1051":0,"1052":0,"1053":0,"1054":0,"1055":0,"1056":0,"1057":0,"1058":1,"1059":0,"1060":0,"1061":0,"1062":0,"1063":0,"1064":0,"1065":0,"1066":0,"1067":0,"1068":0,"1069":0,"1070":0,"1071":0,"1072":0,"1073":0,"1074":0,"1075":0,"1076":0,"1077":0,"1078":0,"1079":0,"1080":0,"1081":0,"1082":0,"1083":1,"1084":0,"1085":0,"1086":0,"1087":0,"1088":0,"1089":0,"1090":0,"1091":0,"1092":0,"1093":0,"1094":0,"1095":0,"1096":0,"1097":0,"1098":0,"1099":0,"1100":0,"1101":0,"1102":0,"1103":0,"1104":0,"1105":0,"1106":0,"1107":0,"1108":0,"1109":0,"1110":0,"1111":1,"1112":0,"1113":0,"1114":0,"1115":0,"1116":0,"1117":0,"1118":0,"1119":0,"1120":0,"1121":0,"1122":0,"1123":0,"1124":0,"1125":0,"1126":0,"1127":0,"1128":0,"1129":0,"1130":0,"1131":0,"1132":0,"1133":0,"1134":0,"1135":0,"1136":0,"1137":0,"1138":0,"1139":0,"1140":0,"1141":0,"1142":0,"1143":0,"1144":1,"1145":0,"1146":0,"1147":0,"1148":0,"1149":0,"1150":0,"1151":0,"1152":0,"1153":0,"1154":0,"1155":0,"1156":0,"1157":0,"1158":0,"1159":0,"1160":0,"1161":0,"1162":0,"1163":0,"1164":0,"1165":0,"1166":0,"1167":0,"1168":0,"1169":0,"1170":0,"1171":0,"1172":0,"1173":0,"1174":0,"1175":0,"1176":0,"1177":0,"1178":1,"1179":0,"1180":0,"1181":1,"1182":0,"1183":0,"1184":1,"1185":0,"1186":0,"1187":1},"b":{"1":[1,0],"2":[1,1],"3":[0,0],"4":[0,0],"5":[1,0],"6":[0,15],"7":[0,0],"8":[0,0],"9":[0,15],"10":[0,0],"11":[0,0],"12":[0,15],"13":[0,0],"14":[0,15],"15":[0,0],"16":[0,0],"17":[0,0],"18":[0,0,0,0],"19":[0,0],"20":[0,0],"21":[0,0],"22":[0,0],"23":[0,0],"24":[0,0],"25":[0,0],"26":[0,0],"27":[0,0],"28":[0,0],"29":[0,0],"30":[0,0],"31":[0,0],"32":[0,0],"33":[0,0],"34":[0,0],"35":[0,0],"36":[0,0],"37":[0,0],"38":[0,0],"39":[0,15],"40":[1,14],"41":[1,0],"42":[3,12],"43":[3,1],"44":[2,13],"45":[12,1],"46":[12,0],"47":[0,12],"48":[12,12],"49":[10,2],"50":[0,12],"51":[4,8],"52":[3,9],"53":[3,0],"54":[3,3],"55":[0,3],"56":[0,9],"57":[9,3,3],"58":[0,0],"59":[9,1],"60":[9,7],"61":[4,8],"62":[12,11],"63":[0,12],"64":[2,10],"65":[12,4],"66":[8,4],"67":[3,9],"68":[12,3,3],"69":[3,0],"70":[2,1],"71":[0,0],"72":[0,0],"73":[0,0],"74":[0,0],"75":[0,0],"76":[0,0],"77":[0,0],"78":[0,0],"79":[0,0,0],"80":[0,0],"81":[0,0],"82":[0,0],"83":[0,0],"84":[0,0],"85":[0,0],"86":[0,0],"87":[0,0],"88":[0,0],"89":[0,0],"90":[0,0],"91":[0,0],"92":[0,0],"93":[0,0],"94":[0,0],"95":[0,0],"96":[0,0],"97":[0,0],"98":[0,0],"99":[0,0],"100":[0,0],"101":[0,0],"102":[0,0],"103":[0,0],"104":[0,0],"105":[0,0],"106":[0,0],"107":[0,0],"108":[0,0],"109":[0,0],"110":[0,0],"111":[0,0],"112":[0,0],"113":[0,0],"114":[0,0],"115":[0,0],"116":[0,0],"117":[0,0],"118":[0,0],"119":[0,0],"120":[0,0],"121":[0,0],"122":[0,0],"123":[0,0,0],"124":[0,0],"125":[0,0,0,0],"126":[0,0],"127":[0,0],"128":[0,0,0],"129":[0,0],"130":[0,0],"131":[0,0,0,0,0,0,0,0],"132":[0,0],"133":[0,0],"134":[0,0],"135":[0,0],"136":[0,0],"137":[0,0],"138":[0,0],"139":[0,0],"140":[0,0],"141":[0,0],"142":[0,0],"143":[0,0],"144":[0,0],"145":[0,0],"146":[0,0],"147":[0,0],"148":[0,0],"149":[0,0],"150":[0,0],"151":[0,0],"152":[0,0],"153":[0,0],"154":[0,0],"155":[0,0],"156":[0,0],"157":[0,0],"158":[0,0],"159":[0,0],"160":[0,0],"161":[0,0],"162":[0,0],"163":[0,0],"164":[0,0],"165":[0,0],"166":[0,0],"167":[0,0],"168":[0,0],"169":[0,0],"170":[0,0],"171":[0,0],"172":[0,0],"173":[0,0],"174":[0,2],"175":[2,0],"176":[2,2,2],"177":[0,0],"178":[0,0],"179":[0,0],"180":[0,0],"181":[0,0],"182":[0,0],"183":[0,0],"184":[0,0],"185":[15,0],"186":[0,0],"187":[0,0],"188":[0,0],"189":[0,0],"190":[0,0],"191":[0,0],"192":[0,0],"193":[0,0],"194":[0,0],"195":[0,0],"196":[0,0],"197":[0,0],"198":[0,0],"199":[0,0],"200":[0,0],"201":[0,0],"202":[0,0],"203":[0,0],"204":[0,0],"205":[0,0],"206":[0,0],"207":[0,0],"208":[0,15],"209":[15,0,0,0],"210":[0,15],"211":[0,0],"212":[0,15],"213":[15,15,0],"214":[15,0],"215":[15,0],"216":[0,0],"217":[0,0],"218":[0,0],"219":[0,0],"220":[0,0],"221":[0,0],"222":[0,0],"223":[0,0],"224":[0,0,0],"225":[0,0],"226":[0,0],"227":[0,0,0,0,0,0,0,0,0,0,0,0,0,0,0,0],"228":[0,0],"229":[0,0],"230":[0,0],"231":[0,0],"232":[0,0],"233":[0,0],"234":[0,0],"235":[0,0],"236":[0,0],"237":[0,0],"238":[0,0],"239":[0,0],"240":[0,0],"241":[0,0],"242":[0,0],"243":[0,0],"244":[0,0],"245":[0,0],"246":[0,0],"247":[0,0],"248":[0,0],"249":[0,0],"250":[0,0],"251":[0,0],"252":[0,0],"253":[0,0],"254":[0,0],"255":[0,0],"256":[0,0],"257":[0,0],"258":[0,0],"259":[0,0],"260":[0,0],"261":[0,0],"262":[0,0],"263":[0,0],"264":[0,0],"265":[0,0],"266":[0,0],"267":[0,0],"268":[0,0],"269":[0,0],"270":[0,0],"271":[0,0],"272":[0,0],"273":[0,0],"274":[0,0],"275":[0,0],"276":[0,0],"277":[0,0],"278":[0,0],"279":[0,0],"280":[0,0],"281":[0,0],"282":[0,0],"283":[0,0],"284":[0,0],"285":[0,0],"286":[0,0],"287":[0,0],"288":[0,0],"289":[0,0],"290":[0,0],"291":[0,0],"292":[0,0,0],"293":[0,0],"294":[0,0],"295":[0,0],"296":[0,0],"297":[0,0],"298":[0,0],"299":[0,0],"300":[0,0],"301":[0,0],"302":[0,0],"303":[0,0],"304":[0,0],"305":[0,0],"306":[0,0],"307":[0,0],"308":[0,0],"309":[0,0],"310":[0,0],"311":[0,0],"312":[0,0],"313":[0,0],"314":[0,0],"315":[0,0],"316":[0,0],"317":[0,0],"318":[0,0],"319":[0,0],"320":[0,0],"321":[0,0],"322":[0,0],"323":[0,0],"324":[0,0],"325":[0,0],"326":[0,0],"327":[0,0],"328":[0,0],"329":[0,0],"330":[0,0],"331":[0,0],"332":[0,0],"333":[0,0],"334":[0,0],"335":[0,0],"336":[0,0],"337":[0,0],"338":[0,0],"339":[0,0],"340":[0,0],"341":[0,0],"342":[0,0],"343":[0,0],"344":[0,0],"345":[0,0],"346":[0,0],"347":[0,0],"348":[0,0],"349":[0,0],"350":[0,0],"351":[0,0,0],"352":[0,0],"353":[0,0],"354":[0,0],"355":[0,0],"356":[0,0],"357":[0,0],"358":[0,0],"359":[0,0],"360":[0,0],"361":[0,0],"362":[0,0],"363":[0,0],"364":[0,0],"365":[0,0],"366":[0,0],"367":[0,0],"368":[0,0],"369":[0,0],"370":[0,0],"371":[0,0],"372":[0,0],"373":[0,0],"374":[0,0],"375":[0,0],"376":[0,0],"377":[0,0],"378":[0,0],"379":[0,0],"380":[0,0],"381":[0,0],"382":[0,0],"383":[0,0],"384":[0,0],"385":[0,0],"386":[0,0],"387":[0,0],"388":[0,0],"389":[0,0],"390":[0,0],"391":[0,0],"392":[0,0],"393":[0,0],"394":[0,0],"395":[0,0],"396":[0,0],"397":[0,0],"398":[0,0],"399":[0,0],"400":[0,0],"401":[0,0],"402":[0,0],"403":[0,0],"404":[0,0],"405":[0,0],"406":[0,0],"407":[0,0],"408":[0,0],"409":[0,0],"410":[0,0],"411":[0,0],"412":[0,0,0],"413":[0,0],"414":[0,0],"415":[0,0],"416":[0,0],"417":[0,0],"418":[0,0],"419":[0,0],"420":[0,0],"421":[0,0],"422":[0,0],"423":[0,0],"424":[0,0],"425":[0,0],"426":[0,0],"427":[0,0],"428":[0,0],"429":[0,0],"430":[0,0],"431":[0,0],"432":[0,0],"433":[0,0],"434":[0,0,0],"435":[0,0],"436":[0,0],"437":[0,0],"438":[0,0],"439":[0,0],"440":[0,0],"441":[0,0],"442":[0,0],"443":[0,0],"444":[0,0],"445":[0,0],"446":[0,0],"447":[0,0],"448":[0,0]},"f":{"1":1,"2":1,"3":15,"4":2,"5":0,"6":0,"7":0,"8":0,"9":0,"10":0,"11":0,"12":15,"13":0,"14":0,"15":0,"16":0,"17":0,"18":0,"19":0,"20":5,"21":0,"22":0,"23":4,"24":0,"25":0,"26":15,"27":12,"28":12,"29":12,"30":0,"31":0,"32":0,"33":0,"34":0,"35":0,"36":0,"37":0,"38":0,"39":0,"40":0,"41":0,"42":0,"43":0,"44":0,"45":2,"46":0,"47":15,"48":0,"49":0,"50":5,"51":0,"52":2,"53":0,"54":0,"55":0,"56":0,"57":15,"58":0,"59":0,"60":0,"61":0,"62":0,"63":0,"64":0,"65":0,"66":0,"67":0,"68":0,"69":0,"70":0,"71":0,"72":0,"73":0,"74":0,"75":0,"76":0,"77":0,"78":0,"79":0,"80":0,"81":0,"82":0,"83":0,"84":0,"85":0,"86":0,"87":0,"88":0,"89":0,"90":0,"91":0,"92":0,"93":0,"94":0,"95":0},"fnMap":{"1":{"name":"(anonymous_1)","line":13,"loc":{"start":{"line":13,"column":1},"end":{"line":13,"column":26}}},"2":{"name":"(anonymous_2)","line":26,"loc":{"start":{"line":26,"column":8},"end":{"line":26,"column":45}}},"3":{"name":"URI","line":35,"loc":{"start":{"line":35,"column":2},"end":{"line":35,"column":26}}},"4":{"name":"isInteger","line":80,"loc":{"start":{"line":80,"column":2},"end":{"line":80,"column":28}}},"5":{"name":"escapeRegEx","line":89,"loc":{"start":{"line":89,"column":2},"end":{"line":89,"column":31}}},"6":{"name":"getType","line":94,"loc":{"start":{"line":94,"column":2},"end":{"line":94,"column":26}}},"7":{"name":"isArray","line":103,"loc":{"start":{"line":103,"column":2},"end":{"line":103,"column":24}}},"8":{"name":"filterArrayValues","line":107,"loc":{"start":{"line":107,"column":2},"end":{"line":107,"column":42}}},"9":{"name":"arrayContains","line":136,"loc":{"start":{"line":136,"column":2},"end":{"line":136,"column":38}}},"10":{"name":"arraysEqual","line":165,"loc":{"start":{"line":165,"column":2},"end":{"line":165,"column":33}}},"11":{"name":"trimSlashes","line":187,"loc":{"start":{"line":187,"column":2},"end":{"line":187,"column":29}}},"12":{"name":"(anonymous_12)","line":192,"loc":{"start":{"line":192,"column":15},"end":{"line":192,"column":26}}},"13":{"name":"(anonymous_13)","line":280,"loc":{"start":{"line":280,"column":24},"end":{"line":280,"column":39}}},"14":{"name":"escapeForDumbFirefox36","line":294,"loc":{"start":{"line":294,"column":2},"end":{"line":294,"column":41}}},"15":{"name":"strictEncodeURIComponent","line":300,"loc":{"start":{"line":300,"column":2},"end":{"line":300,"column":44}}},"16":{"name":"(anonymous_16)","line":308,"loc":{"start":{"line":308,"column":16},"end":{"line":308,"column":27}}},"17":{"name":"(anonymous_17)","line":312,"loc":{"start":{"line":312,"column":16},"end":{"line":312,"column":27}}},"18":{"name":"(anonymous_18)","line":409,"loc":{"start":{"line":409,"column":20},"end":{"line":409,"column":55}}},"19":{"name":"(anonymous_19)","line":417,"loc":{"start":{"line":417,"column":20},"end":{"line":417,"column":55}}},"20":{"name":"(anonymous_20)","line":436,"loc":{"start":{"line":436,"column":25},"end":{"line":436,"column":49}}},"21":{"name":"(anonymous_21)","line":437,"loc":{"start":{"line":437,"column":11},"end":{"line":437,"column":28}}},"22":{"name":"(anonymous_22)","line":439,"loc":{"start":{"line":439,"column":89},"end":{"line":439,"column":101}}},"23":{"name":"(anonymous_23)","line":457,"loc":{"start":{"line":457,"column":38},"end":{"line":457,"column":92}}},"24":{"name":"(anonymous_24)","line":458,"loc":{"start":{"line":458,"column":11},"end":{"line":458,"column":28}}},"25":{"name":"(anonymous_25)","line":467,"loc":{"start":{"line":467,"column":27},"end":{"line":467,"column":44}}},"26":{"name":"(anonymous_26)","line":490,"loc":{"start":{"line":490,"column":14},"end":{"line":490,"column":38}}},"27":{"name":"(anonymous_27)","line":547,"loc":{"start":{"line":547,"column":18},"end":{"line":547,"column":42}}},"28":{"name":"(anonymous_28)","line":609,"loc":{"start":{"line":609,"column":23},"end":{"line":609,"column":47}}},"29":{"name":"(anonymous_29)","line":613,"loc":{"start":{"line":613,"column":22},"end":{"line":613,"column":46}}},"30":{"name":"(anonymous_30)","line":633,"loc":{"start":{"line":633,"column":19},"end":{"line":633,"column":54}}},"31":{"name":"(anonymous_31)","line":670,"loc":{"start":{"line":670,"column":14},"end":{"line":670,"column":30}}},"32":{"name":"(anonymous_32)","line":702,"loc":{"start":{"line":702,"column":18},"end":{"line":702,"column":34}}},"33":{"name":"(anonymous_33)","line":719,"loc":{"start":{"line":719,"column":23},"end":{"line":719,"column":39}}},"34":{"name":"(anonymous_34)","line":722,"loc":{"start":{"line":722,"column":22},"end":{"line":722,"column":38}}},"35":{"name":"(anonymous_35)","line":739,"loc":{"start":{"line":739,"column":19},"end":{"line":739,"column":78}}},"36":{"name":"(anonymous_36)","line":768,"loc":{"start":{"line":768,"column":28},"end":{"line":768,"column":68}}},"37":{"name":"(anonymous_37)","line":774,"loc":{"start":{"line":774,"column":17},"end":{"line":774,"column":45}}},"38":{"name":"(anonymous_38)","line":799,"loc":{"start":{"line":799,"column":17},"end":{"line":799,"column":45}}},"39":{"name":"(anonymous_39)","line":813,"loc":{"start":{"line":813,"column":20},"end":{"line":813,"column":48}}},"40":{"name":"(anonymous_40)","line":852,"loc":{"start":{"line":852,"column":17},"end":{"line":852,"column":58}}},"41":{"name":"(anonymous_41)","line":937,"loc":{"start":{"line":937,"column":18},"end":{"line":937,"column":29}}},"42":{"name":"(anonymous_42)","line":970,"loc":{"start":{"line":970,"column":19},"end":{"line":970,"column":38}}},"43":{"name":"(anonymous_43)","line":994,"loc":{"start":{"line":994,"column":21},"end":{"line":994,"column":57}}},"44":{"name":"(anonymous_44)","line":1064,"loc":{"start":{"line":1064,"column":28},"end":{"line":1064,"column":50}}},"45":{"name":"(anonymous_45)","line":1089,"loc":{"start":{"line":1089,"column":24},"end":{"line":1089,"column":37}}},"46":{"name":"(anonymous_46)","line":1103,"loc":{"start":{"line":1103,"column":19},"end":{"line":1103,"column":39}}},"47":{"name":"(anonymous_47)","line":1129,"loc":{"start":{"line":1129,"column":12},"end":{"line":1129,"column":33}}},"48":{"name":"(anonymous_48)","line":1140,"loc":{"start":{"line":1140,"column":12},"end":{"line":1140,"column":23}}},"49":{"name":"(anonymous_49)","line":1144,"loc":{"start":{"line":1144,"column":27},"end":{"line":1144,"column":38}}},"50":{"name":"generateSimpleAccessor","line":1149,"loc":{"start":{"line":1149,"column":2},"end":{"line":1149,"column":40}}},"51":{"name":"(anonymous_51)","line":1150,"loc":{"start":{"line":1150,"column":11},"end":{"line":1150,"column":30}}},"52":{"name":"generatePrefixAccessor","line":1161,"loc":{"start":{"line":1161,"column":2},"end":{"line":1161,"column":46}}},"53":{"name":"(anonymous_53)","line":1162,"loc":{"start":{"line":1162,"column":11},"end":{"line":1162,"column":30}}},"54":{"name":"(anonymous_54)","line":1188,"loc":{"start":{"line":1188,"column":13},"end":{"line":1188,"column":32}}},"55":{"name":"(anonymous_55)","line":1192,"loc":{"start":{"line":1192,"column":11},"end":{"line":1192,"column":30}}},"56":{"name":"(anonymous_56)","line":1197,"loc":{"start":{"line":1197,"column":15},"end":{"line":1197,"column":34}}},"57":{"name":"(anonymous_57)","line":1212,"loc":{"start":{"line":1212,"column":11},"end":{"line":1212,"column":33}}},"58":{"name":"(anonymous_58)","line":1263,"loc":{"start":{"line":1263,"column":9},"end":{"line":1263,"column":24}}},"59":{"name":"(anonymous_59)","line":1333,"loc":{"start":{"line":1333,"column":15},"end":{"line":1333,"column":34}}},"60":{"name":"(anonymous_60)","line":1346,"loc":{"start":{"line":1346,"column":11},"end":{"line":1346,"column":30}}},"61":{"name":"(anonymous_61)","line":1367,"loc":{"start":{"line":1367,"column":15},"end":{"line":1367,"column":34}}},"62":{"name":"(anonymous_62)","line":1389,"loc":{"start":{"line":1389,"column":13},"end":{"line":1389,"column":32}}},"63":{"name":"(anonymous_63)","line":1411,"loc":{"start":{"line":1411,"column":11},"end":{"line":1411,"column":30}}},"64":{"name":"(anonymous_64)","line":1428,"loc":{"start":{"line":1428,"column":16},"end":{"line":1428,"column":35}}},"65":{"name":"(anonymous_65)","line":1445,"loc":{"start":{"line":1445,"column":15},"end":{"line":1445,"column":34}}},"66":{"name":"(anonymous_66)","line":1463,"loc":{"start":{"line":1463,"column":15},"end":{"line":1463,"column":34}}},"67":{"name":"(anonymous_67)","line":1479,"loc":{"start":{"line":1479,"column":16},"end":{"line":1479,"column":35}}},"68":{"name":"(anonymous_68)","line":1515,"loc":{"start":{"line":1515,"column":13},"end":{"line":1515,"column":32}}},"69":{"name":"(anonymous_69)","line":1563,"loc":{"start":{"line":1563,"column":10},"end":{"line":1563,"column":29}}},"70":{"name":"(anonymous_70)","line":1610,"loc":{"start":{"line":1610,"column":16},"end":{"line":1610,"column":35}}},"71":{"name":"(anonymous_71)","line":1656,"loc":{"start":{"line":1656,"column":15},"end":{"line":1656,"column":34}}},"72":{"name":"(anonymous_72)","line":1694,"loc":{"start":{"line":1694,"column":13},"end":{"line":1694,"column":32}}},"73":{"name":"(anonymous_73)","line":1745,"loc":{"start":{"line":1745,"column":14},"end":{"line":1745,"column":42}}},"74":{"name":"(anonymous_74)","line":1815,"loc":{"start":{"line":1815,"column":19},"end":{"line":1815,"column":47}}},"75":{"name":"(anonymous_75)","line":1850,"loc":{"start":{"line":1850,"column":12},"end":{"line":1850,"column":31}}},"76":{"name":"(anonymous_76)","line":1867,"loc":{"start":{"line":1867,"column":15},"end":{"line":1867,"column":44}}},"77":{"name":"(anonymous_77)","line":1890,"loc":{"start":{"line":1890,"column":15},"end":{"line":1890,"column":44}}},"78":{"name":"(anonymous_78)","line":1901,"loc":{"start":{"line":1901,"column":18},"end":{"line":1901,"column":47}}},"79":{"name":"(anonymous_79)","line":1912,"loc":{"start":{"line":1912,"column":15},"end":{"line":1912,"column":50}}},"80":{"name":"(anonymous_80)","line":1922,"loc":{"start":{"line":1922,"column":16},"end":{"line":1922,"column":27}}},"81":{"name":"(anonymous_81)","line":1941,"loc":{"start":{"line":1941,"column":24},"end":{"line":1941,"column":40}}},"82":{"name":"(anonymous_82)","line":1949,"loc":{"start":{"line":1949,"column":24},"end":{"line":1949,"column":40}}},"83":{"name":"(anonymous_83)","line":1963,"loc":{"start":{"line":1963,"column":20},"end":{"line":1963,"column":36}}},"84":{"name":"(anonymous_84)","line":1972,"loc":{"start":{"line":1972,"column":20},"end":{"line":1972,"column":36}}},"85":{"name":"(anonymous_85)","line":2047,"loc":{"start":{"line":2047,"column":21},"end":{"line":2047,"column":37}}},"86":{"name":"(anonymous_86)","line":2060,"loc":{"start":{"line":2060,"column":24},"end":{"line":2060,"column":40}}},"87":{"name":"(anonymous_87)","line":2071,"loc":{"start":{"line":2071,"column":14},"end":{"line":2071,"column":25}}},"88":{"name":"(anonymous_88)","line":2087,"loc":{"start":{"line":2087,"column":14},"end":{"line":2087,"column":25}}},"89":{"name":"(anonymous_89)","line":2103,"loc":{"start":{"line":2103,"column":15},"end":{"line":2103,"column":26}}},"90":{"name":"(anonymous_90)","line":2148,"loc":{"start":{"line":2148,"column":17},"end":{"line":2148,"column":32}}},"91":{"name":"(anonymous_91)","line":2197,"loc":{"start":{"line":2197,"column":17},"end":{"line":2197,"column":32}}},"92":{"name":"(anonymous_92)","line":2262,"loc":{"start":{"line":2262,"column":13},"end":{"line":2262,"column":27}}},"93":{"name":"(anonymous_93)","line":2324,"loc":{"start":{"line":2324,"column":29},"end":{"line":2324,"column":41}}},"94":{"name":"(anonymous_94)","line":2329,"loc":{"start":{"line":2329,"column":31},"end":{"line":2329,"column":43}}},"95":{"name":"(anonymous_95)","line":2334,"loc":{"start":{"line":2334,"column":23},"end":{"line":2334,"column":35}}}},"statementMap":{"1":{"start":{"line":13,"column":0},"end":{"line":2340,"column":4}},"2":{"start":{"line":16,"column":2},"end":{"line":25,"column":3}},"3":{"start":{"line":18,"column":4},"end":{"line":18,"column":104}},"4":{"start":{"line":19,"column":9},"end":{"line":25,"column":3}},"5":{"start":{"line":21,"column":4},"end":{"line":21,"column":70}},"6":{"start":{"line":24,"column":4},"end":{"line":24,"column":80}},"7":{"start":{"line":33,"column":2},"end":{"line":33,"column":30}},"8":{"start":{"line":35,"column":2},"end":{"line":78,"column":3}},"9":{"start":{"line":36,"column":4},"end":{"line":36,"column":45}},"10":{"start":{"line":37,"column":4},"end":{"line":37,"column":46}},"11":{"start":{"line":40,"column":4},"end":{"line":50,"column":5}},"12":{"start":{"line":41,"column":6},"end":{"line":47,"column":7}},"13":{"start":{"line":42,"column":8},"end":{"line":44,"column":9}},"14":{"start":{"line":43,"column":10},"end":{"line":43,"column":36}},"15":{"start":{"line":46,"column":8},"end":{"line":46,"column":28}},"16":{"start":{"line":49,"column":6},"end":{"line":49,"column":23}},"17":{"start":{"line":52,"column":4},"end":{"line":62,"column":5}},"18":{"start":{"line":53,"column":6},"end":{"line":55,"column":7}},"19":{"start":{"line":54,"column":8},"end":{"line":54,"column":73}},"20":{"start":{"line":57,"column":6},"end":{"line":61,"column":7}},"21":{"start":{"line":58,"column":8},"end":{"line":58,"column":33}},"22":{"start":{"line":60,"column":8},"end":{"line":60,"column":17}},"23":{"start":{"line":64,"column":4},"end":{"line":68,"column":5}},"24":{"start":{"line":65,"column":6},"end":{"line":67,"column":7}},"25":{"start":{"line":66,"column":8},"end":{"line":66,"column":68}},"26":{"start":{"line":70,"column":4},"end":{"line":70,"column":19}},"27":{"start":{"line":73,"column":4},"end":{"line":75,"column":5}},"28":{"start":{"line":74,"column":6},"end":{"line":74,"column":35}},"29":{"start":{"line":77,"column":4},"end":{"line":77,"column":16}},"30":{"start":{"line":80,"column":2},"end":{"line":82,"column":3}},"31":{"start":{"line":81,"column":4},"end":{"line":81,"column":34}},"32":{"start":{"line":84,"column":2},"end":{"line":84,"column":25}},"33":{"start":{"line":86,"column":2},"end":{"line":86,"column":24}},"34":{"start":{"line":87,"column":2},"end":{"line":87,"column":47}},"35":{"start":{"line":89,"column":2},"end":{"line":92,"column":3}},"36":{"start":{"line":91,"column":4},"end":{"line":91,"column":64}},"37":{"start":{"line":94,"column":2},"end":{"line":101,"column":3}},"38":{"start":{"line":96,"column":4},"end":{"line":98,"column":5}},"39":{"start":{"line":97,"column":6},"end":{"line":97,"column":25}},"40":{"start":{"line":100,"column":4},"end":{"line":100,"column":70}},"41":{"start":{"line":103,"column":2},"end":{"line":105,"column":3}},"42":{"start":{"line":104,"column":4},"end":{"line":104,"column":36}},"43":{"start":{"line":107,"column":2},"end":{"line":134,"column":3}},"44":{"start":{"line":108,"column":4},"end":{"line":108,"column":20}},"45":{"start":{"line":109,"column":4},"end":{"line":109,"column":18}},"46":{"start":{"line":111,"column":4},"end":{"line":119,"column":5}},"47":{"start":{"line":112,"column":6},"end":{"line":112,"column":20}},"48":{"start":{"line":113,"column":11},"end":{"line":119,"column":5}},"49":{"start":{"line":114,"column":6},"end":{"line":116,"column":7}},"50":{"start":{"line":115,"column":8},"end":{"line":115,"column":32}},"51":{"start":{"line":118,"column":6},"end":{"line":118,"column":27}},"52":{"start":{"line":121,"column":4},"end":{"line":131,"column":5}},"53":{"start":{"line":123,"column":6},"end":{"line":124,"column":42}},"54":{"start":{"line":126,"column":6},"end":{"line":130,"column":7}},"55":{"start":{"line":127,"column":8},"end":{"line":127,"column":26}},"56":{"start":{"line":128,"column":8},"end":{"line":128,"column":17}},"57":{"start":{"line":129,"column":8},"end":{"line":129,"column":12}},"58":{"start":{"line":133,"column":4},"end":{"line":133,"column":16}},"59":{"start":{"line":136,"column":2},"end":{"line":163,"column":3}},"60":{"start":{"line":137,"column":4},"end":{"line":137,"column":18}},"61":{"start":{"line":140,"column":4},"end":{"line":149,"column":5}},"62":{"start":{"line":142,"column":6},"end":{"line":146,"column":7}},"63":{"start":{"line":143,"column":8},"end":{"line":145,"column":9}},"64":{"start":{"line":144,"column":10},"end":{"line":144,"column":23}},"65":{"start":{"line":148,"column":6},"end":{"line":148,"column":18}},"66":{"start":{"line":151,"column":4},"end":{"line":151,"column":31}},"67":{"start":{"line":152,"column":4},"end":{"line":160,"column":5}},"68":{"start":{"line":153,"column":6},"end":{"line":159,"column":7}},"69":{"start":{"line":154,"column":8},"end":{"line":156,"column":9}},"70":{"start":{"line":155,"column":10},"end":{"line":155,"column":22}},"71":{"start":{"line":157,"column":13},"end":{"line":159,"column":7}},"72":{"start":{"line":158,"column":8},"end":{"line":158,"column":20}},"73":{"start":{"line":162,"column":4},"end":{"line":162,"column":17}},"74":{"start":{"line":165,"column":2},"end":{"line":185,"column":3}},"75":{"start":{"line":166,"column":4},"end":{"line":168,"column":5}},"76":{"start":{"line":167,"column":6},"end":{"line":167,"column":19}},"77":{"start":{"line":171,"column":4},"end":{"line":173,"column":5}},"78":{"start":{"line":172,"column":6},"end":{"line":172,"column":19}},"79":{"start":{"line":175,"column":4},"end":{"line":175,"column":15}},"80":{"start":{"line":176,"column":4},"end":{"line":176,"column":15}},"81":{"start":{"line":178,"column":4},"end":{"line":182,"column":5}},"82":{"start":{"line":179,"column":6},"end":{"line":181,"column":7}},"83":{"start":{"line":180,"column":8},"end":{"line":180,"column":21}},"84":{"start":{"line":184,"column":4},"end":{"line":184,"column":16}},"85":{"start":{"line":187,"column":2},"end":{"line":190,"column":3}},"86":{"start":{"line":188,"column":4},"end":{"line":188,"column":39}},"87":{"start":{"line":189,"column":4},"end":{"line":189,"column":45}},"88":{"start":{"line":192,"column":2},"end":{"line":208,"column":4}},"89":{"start":{"line":193,"column":4},"end":{"line":207,"column":6}},"90":{"start":{"line":212,"column":2},"end":{"line":212,"column":37}},"91":{"start":{"line":214,"column":2},"end":{"line":214,"column":39}},"92":{"start":{"line":216,"column":2},"end":{"line":216,"column":30}},"93":{"start":{"line":218,"column":2},"end":{"line":218,"column":51}},"94":{"start":{"line":219,"column":2},"end":{"line":219,"column":40}},"95":{"start":{"line":220,"column":2},"end":{"line":220,"column":38}},"96":{"start":{"line":222,"column":2},"end":{"line":222,"column":62}},"97":{"start":{"line":226,"column":2},"end":{"line":226,"column":1105}},"98":{"start":{"line":231,"column":2},"end":{"line":231,"column":235}},"99":{"start":{"line":232,"column":2},"end":{"line":241,"column":4}},"100":{"start":{"line":244,"column":2},"end":{"line":251,"column":4}},"101":{"start":{"line":253,"column":2},"end":{"line":256,"column":4}},"102":{"start":{"line":261,"column":2},"end":{"line":261,"column":57}},"103":{"start":{"line":263,"column":2},"end":{"line":279,"column":4}},"104":{"start":{"line":280,"column":2},"end":{"line":292,"column":4}},"105":{"start":{"line":281,"column":4},"end":{"line":283,"column":5}},"106":{"start":{"line":282,"column":6},"end":{"line":282,"column":23}},"107":{"start":{"line":285,"column":4},"end":{"line":285,"column":47}},"108":{"start":{"line":287,"column":4},"end":{"line":289,"column":5}},"109":{"start":{"line":288,"column":6},"end":{"line":288,"column":23}},"110":{"start":{"line":291,"column":4},"end":{"line":291,"column":39}},"111":{"start":{"line":294,"column":2},"end":{"line":297,"column":3}},"112":{"start":{"line":296,"column":4},"end":{"line":296,"column":25}},"113":{"start":{"line":300,"column":2},"end":{"line":305,"column":3}},"114":{"start":{"line":302,"column":4},"end":{"line":304,"column":29}},"115":{"start":{"line":306,"column":2},"end":{"line":306,"column":40}},"116":{"start":{"line":307,"column":2},"end":{"line":307,"column":34}},"117":{"start":{"line":308,"column":2},"end":{"line":311,"column":4}},"118":{"start":{"line":309,"column":4},"end":{"line":309,"column":24}},"119":{"start":{"line":310,"column":4},"end":{"line":310,"column":26}},"120":{"start":{"line":312,"column":2},"end":{"line":315,"column":4}},"121":{"start":{"line":313,"column":4},"end":{"line":313,"column":42}},"122":{"start":{"line":314,"column":4},"end":{"line":314,"column":36}},"123":{"start":{"line":316,"column":2},"end":{"line":408,"column":4}},"124":{"start":{"line":409,"column":2},"end":{"line":416,"column":4}},"125":{"start":{"line":410,"column":4},"end":{"line":410,"column":42}},"126":{"start":{"line":411,"column":4},"end":{"line":413,"column":5}},"127":{"start":{"line":412,"column":6},"end":{"line":412,"column":46}},"128":{"start":{"line":415,"column":4},"end":{"line":415,"column":69}},"129":{"start":{"line":417,"column":2},"end":{"line":432,"column":4}},"130":{"start":{"line":418,"column":4},"end":{"line":418,"column":17}},"131":{"start":{"line":419,"column":4},"end":{"line":421,"column":5}},"132":{"start":{"line":420,"column":6},"end":{"line":420,"column":46}},"133":{"start":{"line":423,"column":4},"end":{"line":431,"column":5}},"134":{"start":{"line":424,"column":6},"end":{"line":424,"column":82}},"135":{"start":{"line":430,"column":6},"end":{"line":430,"column":20}},"136":{"start":{"line":434,"column":2},"end":{"line":434,"column":54}},"137":{"start":{"line":435,"column":2},"end":{"line":435,"column":12}},"138":{"start":{"line":436,"column":2},"end":{"line":450,"column":4}},"139":{"start":{"line":437,"column":4},"end":{"line":449,"column":6}},"140":{"start":{"line":438,"column":6},"end":{"line":448,"column":7}},"141":{"start":{"line":439,"column":8},"end":{"line":441,"column":11}},"142":{"start":{"line":440,"column":10},"end":{"line":440,"column":54}},"143":{"start":{"line":447,"column":8},"end":{"line":447,"column":22}},"144":{"start":{"line":452,"column":2},"end":{"line":455,"column":3}},"145":{"start":{"line":453,"column":4},"end":{"line":453,"column":77}},"146":{"start":{"line":454,"column":4},"end":{"line":454,"column":79}},"147":{"start":{"line":457,"column":2},"end":{"line":480,"column":4}},"148":{"start":{"line":458,"column":4},"end":{"line":479,"column":6}},"149":{"start":{"line":463,"column":6},"end":{"line":463,"column":27}},"150":{"start":{"line":464,"column":6},"end":{"line":470,"column":7}},"151":{"start":{"line":465,"column":8},"end":{"line":465,"column":48}},"152":{"start":{"line":467,"column":8},"end":{"line":469,"column":10}},"153":{"start":{"line":468,"column":10},"end":{"line":468,"column":73}},"154":{"start":{"line":472,"column":6},"end":{"line":472,"column":47}},"155":{"start":{"line":474,"column":6},"end":{"line":476,"column":7}},"156":{"start":{"line":475,"column":8},"end":{"line":475,"column":52}},"157":{"start":{"line":478,"column":6},"end":{"line":478,"column":33}},"158":{"start":{"line":483,"column":2},"end":{"line":483,"column":75}},"159":{"start":{"line":484,"column":2},"end":{"line":484,"column":81}},"160":{"start":{"line":485,"column":2},"end":{"line":485,"column":85}},"161":{"start":{"line":486,"column":2},"end":{"line":486,"column":91}},"162":{"start":{"line":488,"column":2},"end":{"line":488,"column":62}},"163":{"start":{"line":490,"column":2},"end":{"line":546,"column":4}},"164":{"start":{"line":491,"column":4},"end":{"line":491,"column":12}},"165":{"start":{"line":492,"column":4},"end":{"line":496,"column":5}},"166":{"start":{"line":493,"column":6},"end":{"line":495,"column":8}},"167":{"start":{"line":500,"column":4},"end":{"line":500,"column":30}},"168":{"start":{"line":501,"column":4},"end":{"line":505,"column":5}},"169":{"start":{"line":503,"column":6},"end":{"line":503,"column":57}},"170":{"start":{"line":504,"column":6},"end":{"line":504,"column":40}},"171":{"start":{"line":508,"column":4},"end":{"line":508,"column":30}},"172":{"start":{"line":509,"column":4},"end":{"line":513,"column":5}},"173":{"start":{"line":511,"column":6},"end":{"line":511,"column":54}},"174":{"start":{"line":512,"column":6},"end":{"line":512,"column":40}},"175":{"start":{"line":516,"column":4},"end":{"line":539,"column":5}},"176":{"start":{"line":518,"column":6},"end":{"line":518,"column":28}},"177":{"start":{"line":519,"column":6},"end":{"line":519,"column":35}},"178":{"start":{"line":521,"column":6},"end":{"line":521,"column":49}},"179":{"start":{"line":523,"column":6},"end":{"line":523,"column":32}},"180":{"start":{"line":524,"column":6},"end":{"line":538,"column":7}},"181":{"start":{"line":525,"column":8},"end":{"line":525,"column":58}},"182":{"start":{"line":526,"column":8},"end":{"line":537,"column":9}},"183":{"start":{"line":528,"column":10},"end":{"line":528,"column":37}},"184":{"start":{"line":529,"column":15},"end":{"line":537,"column":9}},"185":{"start":{"line":530,"column":10},"end":{"line":530,"column":45}},"186":{"start":{"line":533,"column":10},"end":{"line":533,"column":53}},"187":{"start":{"line":535,"column":10},"end":{"line":535,"column":45}},"188":{"start":{"line":536,"column":10},"end":{"line":536,"column":27}},"189":{"start":{"line":542,"column":4},"end":{"line":542,"column":24}},"190":{"start":{"line":545,"column":4},"end":{"line":545,"column":17}},"191":{"start":{"line":547,"column":2},"end":{"line":608,"column":4}},"192":{"start":{"line":548,"column":4},"end":{"line":550,"column":5}},"193":{"start":{"line":549,"column":6},"end":{"line":549,"column":18}},"194":{"start":{"line":557,"column":4},"end":{"line":557,"column":40}},"195":{"start":{"line":560,"column":4},"end":{"line":560,"column":34}},"196":{"start":{"line":561,"column":4},"end":{"line":561,"column":19}},"197":{"start":{"line":562,"column":4},"end":{"line":562,"column":10}},"198":{"start":{"line":564,"column":4},"end":{"line":566,"column":5}},"199":{"start":{"line":565,"column":6},"end":{"line":565,"column":26}},"200":{"start":{"line":568,"column":4},"end":{"line":592,"column":5}},"201":{"start":{"line":572,"column":6},"end":{"line":572,"column":39}},"202":{"start":{"line":573,"column":6},"end":{"line":573,"column":63}},"203":{"start":{"line":574,"column":6},"end":{"line":574,"column":65}},"204":{"start":{"line":575,"column":6},"end":{"line":577,"column":7}},"205":{"start":{"line":576,"column":8},"end":{"line":576,"column":26}},"206":{"start":{"line":579,"column":6},"end":{"line":579,"column":43}},"207":{"start":{"line":580,"column":6},"end":{"line":580,"column":43}},"208":{"start":{"line":581,"column":6},"end":{"line":581,"column":58}},"209":{"start":{"line":582,"column":6},"end":{"line":591,"column":7}},"210":{"start":{"line":585,"column":8},"end":{"line":585,"column":58}},"211":{"start":{"line":586,"column":8},"end":{"line":586,"column":26}},"212":{"start":{"line":588,"column":8},"end":{"line":588,"column":48}},"213":{"start":{"line":589,"column":8},"end":{"line":589,"column":38}},"214":{"start":{"line":590,"column":8},"end":{"line":590,"column":34}},"215":{"start":{"line":594,"column":4},"end":{"line":597,"column":5}},"216":{"start":{"line":595,"column":6},"end":{"line":595,"column":12}},"217":{"start":{"line":596,"column":6},"end":{"line":596,"column":28}},"218":{"start":{"line":599,"column":4},"end":{"line":601,"column":5}},"219":{"start":{"line":600,"column":6},"end":{"line":600,"column":62}},"220":{"start":{"line":603,"column":4},"end":{"line":605,"column":5}},"221":{"start":{"line":604,"column":6},"end":{"line":604,"column":38}},"222":{"start":{"line":607,"column":4},"end":{"line":607,"column":40}},"223":{"start":{"line":609,"column":2},"end":{"line":612,"column":4}},"224":{"start":{"line":610,"column":4},"end":{"line":610,"column":46}},"225":{"start":{"line":611,"column":4},"end":{"line":611,"column":40}},"226":{"start":{"line":613,"column":2},"end":{"line":632,"column":4}},"227":{"start":{"line":615,"column":4},"end":{"line":615,"column":41}},"228":{"start":{"line":616,"column":4},"end":{"line":616,"column":88}},"229":{"start":{"line":617,"column":4},"end":{"line":617,"column":10}},"230":{"start":{"line":620,"column":4},"end":{"line":629,"column":5}},"231":{"start":{"line":621,"column":6},"end":{"line":621,"column":46}},"232":{"start":{"line":622,"column":6},"end":{"line":622,"column":54}},"233":{"start":{"line":623,"column":6},"end":{"line":623,"column":16}},"234":{"start":{"line":624,"column":6},"end":{"line":624,"column":61}},"235":{"start":{"line":625,"column":6},"end":{"line":625,"column":41}},"236":{"start":{"line":627,"column":6},"end":{"line":627,"column":28}},"237":{"start":{"line":628,"column":6},"end":{"line":628,"column":28}},"238":{"start":{"line":631,"column":4},"end":{"line":631,"column":18}},"239":{"start":{"line":633,"column":2},"end":{"line":668,"column":4}},"240":{"start":{"line":634,"column":4},"end":{"line":636,"column":5}},"241":{"start":{"line":635,"column":6},"end":{"line":635,"column":16}},"242":{"start":{"line":639,"column":4},"end":{"line":639,"column":67}},"243":{"start":{"line":641,"column":4},"end":{"line":643,"column":5}},"244":{"start":{"line":642,"column":6},"end":{"line":642,"column":16}},"245":{"start":{"line":645,"column":4},"end":{"line":645,"column":19}},"246":{"start":{"line":646,"column":4},"end":{"line":646,"column":35}},"247":{"start":{"line":647,"column":4},"end":{"line":647,"column":31}},"248":{"start":{"line":648,"column":4},"end":{"line":648,"column":23}},"249":{"start":{"line":650,"column":4},"end":{"line":665,"column":5}},"250":{"start":{"line":651,"column":6},"end":{"line":651,"column":31}},"251":{"start":{"line":652,"column":6},"end":{"line":652,"column":58}},"252":{"start":{"line":654,"column":6},"end":{"line":654,"column":79}},"253":{"start":{"line":656,"column":6},"end":{"line":664,"column":7}},"254":{"start":{"line":657,"column":8},"end":{"line":659,"column":9}},"255":{"start":{"line":658,"column":10},"end":{"line":658,"column":38}},"256":{"start":{"line":661,"column":8},"end":{"line":661,"column":32}},"257":{"start":{"line":663,"column":8},"end":{"line":663,"column":28}},"258":{"start":{"line":667,"column":4},"end":{"line":667,"column":17}},"259":{"start":{"line":670,"column":2},"end":{"line":701,"column":4}},"260":{"start":{"line":671,"column":4},"end":{"line":671,"column":15}},"261":{"start":{"line":672,"column":4},"end":{"line":672,"column":35}},"262":{"start":{"line":674,"column":4},"end":{"line":676,"column":5}},"263":{"start":{"line":675,"column":6},"end":{"line":675,"column":32}},"264":{"start":{"line":678,"column":4},"end":{"line":681,"column":5}},"265":{"start":{"line":679,"column":6},"end":{"line":679,"column":16}},"266":{"start":{"line":680,"column":6},"end":{"line":680,"column":32}},"267":{"start":{"line":683,"column":4},"end":{"line":683,"column":43}},"268":{"start":{"line":685,"column":4},"end":{"line":691,"column":5}},"269":{"start":{"line":686,"column":6},"end":{"line":688,"column":7}},"270":{"start":{"line":687,"column":8},"end":{"line":687,"column":17}},"271":{"start":{"line":690,"column":6},"end":{"line":690,"column":22}},"272":{"start":{"line":693,"column":4},"end":{"line":695,"column":5}},"273":{"start":{"line":694,"column":6},"end":{"line":694,"column":29}},"274":{"start":{"line":697,"column":4},"end":{"line":699,"column":5}},"275":{"start":{"line":698,"column":6},"end":{"line":698,"column":32}},"276":{"start":{"line":700,"column":4},"end":{"line":700,"column":13}},"277":{"start":{"line":702,"column":2},"end":{"line":718,"column":4}},"278":{"start":{"line":703,"column":4},"end":{"line":703,"column":15}},"279":{"start":{"line":705,"column":4},"end":{"line":711,"column":5}},"280":{"start":{"line":706,"column":6},"end":{"line":706,"column":16}},"281":{"start":{"line":707,"column":11},"end":{"line":711,"column":5}},"282":{"start":{"line":708,"column":6},"end":{"line":708,"column":38}},"283":{"start":{"line":710,"column":6},"end":{"line":710,"column":26}},"284":{"start":{"line":713,"column":4},"end":{"line":715,"column":5}},"285":{"start":{"line":714,"column":6},"end":{"line":714,"column":28}},"286":{"start":{"line":717,"column":4},"end":{"line":717,"column":13}},"287":{"start":{"line":719,"column":2},"end":{"line":721,"column":4}},"288":{"start":{"line":720,"column":4},"end":{"line":720,"column":59}},"289":{"start":{"line":722,"column":2},"end":{"line":738,"column":4}},"290":{"start":{"line":723,"column":4},"end":{"line":723,"column":15}},"291":{"start":{"line":725,"column":4},"end":{"line":727,"column":5}},"292":{"start":{"line":726,"column":6},"end":{"line":726,"column":38}},"293":{"start":{"line":729,"column":4},"end":{"line":731,"column":5}},"294":{"start":{"line":730,"column":6},"end":{"line":730,"column":44}},"295":{"start":{"line":733,"column":4},"end":{"line":735,"column":5}},"296":{"start":{"line":734,"column":6},"end":{"line":734,"column":15}},"297":{"start":{"line":737,"column":4},"end":{"line":737,"column":13}},"298":{"start":{"line":739,"column":2},"end":{"line":767,"column":4}},"299":{"start":{"line":746,"column":4},"end":{"line":746,"column":15}},"300":{"start":{"line":747,"column":4},"end":{"line":747,"column":31}},"301":{"start":{"line":748,"column":4},"end":{"line":764,"column":5}},"302":{"start":{"line":749,"column":6},"end":{"line":763,"column":7}},"303":{"start":{"line":750,"column":8},"end":{"line":762,"column":9}},"304":{"start":{"line":751,"column":10},"end":{"line":751,"column":22}},"305":{"start":{"line":752,"column":10},"end":{"line":759,"column":11}},"306":{"start":{"line":753,"column":12},"end":{"line":758,"column":13}},"307":{"start":{"line":754,"column":14},"end":{"line":754,"column":86}},"308":{"start":{"line":755,"column":14},"end":{"line":757,"column":15}},"309":{"start":{"line":756,"column":16},"end":{"line":756,"column":49}},"310":{"start":{"line":760,"column":15},"end":{"line":762,"column":9}},"311":{"start":{"line":761,"column":10},"end":{"line":761,"column":79}},"312":{"start":{"line":766,"column":4},"end":{"line":766,"column":26}},"313":{"start":{"line":768,"column":2},"end":{"line":772,"column":4}},"314":{"start":{"line":771,"column":4},"end":{"line":771,"column":124}},"315":{"start":{"line":774,"column":2},"end":{"line":797,"column":4}},"316":{"start":{"line":775,"column":4},"end":{"line":796,"column":5}},"317":{"start":{"line":776,"column":6},"end":{"line":780,"column":7}},"318":{"start":{"line":777,"column":8},"end":{"line":779,"column":9}},"319":{"start":{"line":778,"column":10},"end":{"line":778,"column":45}},"320":{"start":{"line":781,"column":11},"end":{"line":796,"column":5}},"321":{"start":{"line":782,"column":6},"end":{"line":787,"column":7}},"322":{"start":{"line":783,"column":8},"end":{"line":783,"column":27}},"323":{"start":{"line":784,"column":8},"end":{"line":784,"column":15}},"324":{"start":{"line":785,"column":13},"end":{"line":787,"column":7}},"325":{"start":{"line":786,"column":8},"end":{"line":786,"column":34}},"326":{"start":{"line":789,"column":6},"end":{"line":791,"column":7}},"327":{"start":{"line":790,"column":8},"end":{"line":790,"column":24}},"328":{"start":{"line":793,"column":6},"end":{"line":793,"column":52}},"329":{"start":{"line":795,"column":6},"end":{"line":795,"column":92}},"330":{"start":{"line":799,"column":2},"end":{"line":811,"column":4}},"331":{"start":{"line":800,"column":4},"end":{"line":810,"column":5}},"332":{"start":{"line":801,"column":6},"end":{"line":805,"column":7}},"333":{"start":{"line":802,"column":8},"end":{"line":804,"column":9}},"334":{"start":{"line":803,"column":10},"end":{"line":803,"column":45}},"335":{"start":{"line":806,"column":11},"end":{"line":810,"column":5}},"336":{"start":{"line":807,"column":6},"end":{"line":807,"column":54}},"337":{"start":{"line":809,"column":6},"end":{"line":809,"column":92}},"338":{"start":{"line":813,"column":2},"end":{"line":851,"column":4}},"339":{"start":{"line":814,"column":4},"end":{"line":814,"column":23}},"340":{"start":{"line":816,"column":4},"end":{"line":850,"column":5}},"341":{"start":{"line":817,"column":6},"end":{"line":819,"column":7}},"342":{"start":{"line":818,"column":8},"end":{"line":818,"column":34}},"343":{"start":{"line":820,"column":11},"end":{"line":850,"column":5}},"344":{"start":{"line":821,"column":6},"end":{"line":825,"column":7}},"345":{"start":{"line":822,"column":8},"end":{"line":824,"column":9}},"346":{"start":{"line":823,"column":10},"end":{"line":823,"column":32}},"347":{"start":{"line":826,"column":11},"end":{"line":850,"column":5}},"348":{"start":{"line":827,"column":6},"end":{"line":831,"column":7}},"349":{"start":{"line":828,"column":8},"end":{"line":830,"column":9}},"350":{"start":{"line":829,"column":10},"end":{"line":829,"column":48}},"351":{"start":{"line":832,"column":11},"end":{"line":850,"column":5}},"352":{"start":{"line":833,"column":6},"end":{"line":847,"column":7}},"353":{"start":{"line":834,"column":8},"end":{"line":844,"column":9}},"354":{"start":{"line":835,"column":10},"end":{"line":839,"column":11}},"355":{"start":{"line":836,"column":12},"end":{"line":836,"column":35}},"356":{"start":{"line":838,"column":12},"end":{"line":838,"column":62}},"357":{"start":{"line":840,"column":15},"end":{"line":844,"column":9}},"358":{"start":{"line":841,"column":10},"end":{"line":841,"column":33}},"359":{"start":{"line":842,"column":15},"end":{"line":844,"column":9}},"360":{"start":{"line":843,"column":10},"end":{"line":843,"column":60}},"361":{"start":{"line":846,"column":8},"end":{"line":846,"column":31}},"362":{"start":{"line":849,"column":6},"end":{"line":849,"column":104}},"363":{"start":{"line":852,"column":2},"end":{"line":934,"column":4}},"364":{"start":{"line":853,"column":4},"end":{"line":882,"column":5}},"365":{"start":{"line":856,"column":8},"end":{"line":856,"column":14}},"366":{"start":{"line":859,"column":8},"end":{"line":865,"column":9}},"367":{"start":{"line":860,"column":10},"end":{"line":864,"column":11}},"368":{"start":{"line":861,"column":12},"end":{"line":863,"column":13}},"369":{"start":{"line":862,"column":14},"end":{"line":862,"column":26}},"370":{"start":{"line":867,"column":8},"end":{"line":867,"column":21}},"371":{"start":{"line":870,"column":8},"end":{"line":876,"column":9}},"372":{"start":{"line":871,"column":10},"end":{"line":875,"column":11}},"373":{"start":{"line":872,"column":12},"end":{"line":874,"column":13}},"374":{"start":{"line":873,"column":14},"end":{"line":873,"column":27}},"375":{"start":{"line":878,"column":8},"end":{"line":878,"column":20}},"376":{"start":{"line":881,"column":8},"end":{"line":881,"column":115}},"377":{"start":{"line":884,"column":4},"end":{"line":933,"column":5}},"378":{"start":{"line":887,"column":8},"end":{"line":887,"column":28}},"379":{"start":{"line":891,"column":8},"end":{"line":891,"column":83}},"380":{"start":{"line":892,"column":8},"end":{"line":892,"column":32}},"381":{"start":{"line":896,"column":8},"end":{"line":896,"column":47}},"382":{"start":{"line":899,"column":8},"end":{"line":901,"column":9}},"383":{"start":{"line":900,"column":10},"end":{"line":900,"column":23}},"384":{"start":{"line":903,"column":8},"end":{"line":903,"column":59}},"385":{"start":{"line":904,"column":8},"end":{"line":904,"column":37}},"386":{"start":{"line":907,"column":8},"end":{"line":909,"column":9}},"387":{"start":{"line":908,"column":10},"end":{"line":908,"column":64}},"388":{"start":{"line":911,"column":8},"end":{"line":913,"column":9}},"389":{"start":{"line":912,"column":10},"end":{"line":912,"column":23}},"390":{"start":{"line":915,"column":8},"end":{"line":915,"column":48}},"391":{"start":{"line":918,"column":8},"end":{"line":918,"column":30}},"392":{"start":{"line":921,"column":8},"end":{"line":923,"column":9}},"393":{"start":{"line":922,"column":10},"end":{"line":922,"column":38}},"394":{"start":{"line":925,"column":8},"end":{"line":927,"column":9}},"395":{"start":{"line":926,"column":10},"end":{"line":926,"column":23}},"396":{"start":{"line":929,"column":8},"end":{"line":929,"column":48}},"397":{"start":{"line":932,"column":8},"end":{"line":932,"column":130}},"398":{"start":{"line":937,"column":2},"end":{"line":968,"column":4}},"399":{"start":{"line":938,"column":4},"end":{"line":938,"column":19}},"400":{"start":{"line":939,"column":4},"end":{"line":939,"column":22}},"401":{"start":{"line":940,"column":4},"end":{"line":940,"column":29}},"402":{"start":{"line":942,"column":4},"end":{"line":955,"column":5}},"403":{"start":{"line":943,"column":6},"end":{"line":943,"column":38}},"404":{"start":{"line":944,"column":6},"end":{"line":944,"column":22}},"405":{"start":{"line":945,"column":6},"end":{"line":945,"column":36}},"406":{"start":{"line":946,"column":6},"end":{"line":954,"column":7}},"407":{"start":{"line":947,"column":8},"end":{"line":949,"column":9}},"408":{"start":{"line":948,"column":10},"end":{"line":948,"column":38}},"409":{"start":{"line":951,"column":8},"end":{"line":953,"column":9}},"410":{"start":{"line":952,"column":10},"end":{"line":952,"column":29}},"411":{"start":{"line":957,"column":4},"end":{"line":959,"column":5}},"412":{"start":{"line":958,"column":6},"end":{"line":958,"column":25}},"413":{"start":{"line":961,"column":4},"end":{"line":961,"column":44}},"414":{"start":{"line":963,"column":4},"end":{"line":965,"column":5}},"415":{"start":{"line":964,"column":6},"end":{"line":964,"column":33}},"416":{"start":{"line":967,"column":4},"end":{"line":967,"column":27}},"417":{"start":{"line":970,"column":2},"end":{"line":992,"column":4}},"418":{"start":{"line":971,"column":4},"end":{"line":971,"column":50}},"419":{"start":{"line":972,"column":4},"end":{"line":972,"column":12}},"420":{"start":{"line":975,"column":4},"end":{"line":980,"column":5}},"421":{"start":{"line":976,"column":6},"end":{"line":979,"column":7}},"422":{"start":{"line":977,"column":8},"end":{"line":977,"column":14}},"423":{"start":{"line":978,"column":8},"end":{"line":978,"column":14}},"424":{"start":{"line":982,"column":4},"end":{"line":984,"column":5}},"425":{"start":{"line":983,"column":6},"end":{"line":983,"column":81}},"426":{"start":{"line":987,"column":4},"end":{"line":989,"column":5}},"427":{"start":{"line":988,"column":6},"end":{"line":988,"column":51}},"428":{"start":{"line":991,"column":4},"end":{"line":991,"column":37}},"429":{"start":{"line":994,"column":2},"end":{"line":1062,"column":4}},"430":{"start":{"line":995,"column":4},"end":{"line":995,"column":30}},"431":{"start":{"line":996,"column":4},"end":{"line":996,"column":52}},"432":{"start":{"line":997,"column":4},"end":{"line":997,"column":46}},"433":{"start":{"line":998,"column":4},"end":{"line":998,"column":49}},"434":{"start":{"line":999,"column":4},"end":{"line":999,"column":55}},"435":{"start":{"line":1000,"column":4},"end":{"line":1000,"column":45}},"436":{"start":{"line":1002,"column":4},"end":{"line":1002,"column":25}},"437":{"start":{"line":1003,"column":4},"end":{"line":1058,"column":5}},"438":{"start":{"line":1004,"column":6},"end":{"line":1004,"column":38}},"439":{"start":{"line":1005,"column":6},"end":{"line":1007,"column":7}},"440":{"start":{"line":1006,"column":8},"end":{"line":1006,"column":14}},"441":{"start":{"line":1009,"column":6},"end":{"line":1009,"column":30}},"442":{"start":{"line":1010,"column":6},"end":{"line":1016,"column":7}},"443":{"start":{"line":1012,"column":8},"end":{"line":1012,"column":72}},"444":{"start":{"line":1013,"column":8},"end":{"line":1015,"column":9}},"445":{"start":{"line":1014,"column":10},"end":{"line":1014,"column":19}},"446":{"start":{"line":1018,"column":6},"end":{"line":1018,"column":57}},"447":{"start":{"line":1019,"column":6},"end":{"line":1019,"column":43}},"448":{"start":{"line":1021,"column":6},"end":{"line":1021,"column":25}},"449":{"start":{"line":1022,"column":6},"end":{"line":1030,"column":7}},"450":{"start":{"line":1023,"column":8},"end":{"line":1023,"column":46}},"451":{"start":{"line":1024,"column":8},"end":{"line":1026,"column":9}},"452":{"start":{"line":1025,"column":10},"end":{"line":1025,"column":16}},"453":{"start":{"line":1028,"column":8},"end":{"line":1028,"column":71}},"454":{"start":{"line":1029,"column":8},"end":{"line":1029,"column":56}},"455":{"start":{"line":1032,"column":6},"end":{"line":1036,"column":7}},"456":{"start":{"line":1033,"column":8},"end":{"line":1033,"column":86}},"457":{"start":{"line":1035,"column":8},"end":{"line":1035,"column":41}},"458":{"start":{"line":1038,"column":6},"end":{"line":1042,"column":7}},"459":{"start":{"line":1041,"column":8},"end":{"line":1041,"column":17}},"460":{"start":{"line":1044,"column":6},"end":{"line":1046,"column":7}},"461":{"start":{"line":1045,"column":8},"end":{"line":1045,"column":17}},"462":{"start":{"line":1048,"column":6},"end":{"line":1048,"column":33}},"463":{"start":{"line":1049,"column":6},"end":{"line":1049,"column":55}},"464":{"start":{"line":1050,"column":6},"end":{"line":1053,"column":7}},"465":{"start":{"line":1051,"column":8},"end":{"line":1051,"column":31}},"466":{"start":{"line":1052,"column":8},"end":{"line":1052,"column":17}},"467":{"start":{"line":1055,"column":6},"end":{"line":1055,"column":30}},"468":{"start":{"line":1056,"column":6},"end":{"line":1056,"column":67}},"469":{"start":{"line":1057,"column":6},"end":{"line":1057,"column":47}},"470":{"start":{"line":1060,"column":4},"end":{"line":1060,"column":25}},"471":{"start":{"line":1061,"column":4},"end":{"line":1061,"column":18}},"472":{"start":{"line":1064,"column":2},"end":{"line":1087,"column":4}},"473":{"start":{"line":1068,"column":4},"end":{"line":1068,"column":26}},"474":{"start":{"line":1069,"column":4},"end":{"line":1069,"column":33}},"475":{"start":{"line":1070,"column":4},"end":{"line":1070,"column":36}},"476":{"start":{"line":1072,"column":4},"end":{"line":1074,"column":5}},"477":{"start":{"line":1073,"column":6},"end":{"line":1073,"column":71}},"478":{"start":{"line":1076,"column":4},"end":{"line":1086,"column":5}},"479":{"start":{"line":1077,"column":6},"end":{"line":1077,"column":82}},"480":{"start":{"line":1078,"column":11},"end":{"line":1086,"column":5}},"481":{"start":{"line":1080,"column":6},"end":{"line":1082,"column":7}},"482":{"start":{"line":1081,"column":8},"end":{"line":1081,"column":129}},"483":{"start":{"line":1083,"column":6},"end":{"line":1085,"column":7}},"484":{"start":{"line":1084,"column":8},"end":{"line":1084,"column":96}},"485":{"start":{"line":1089,"column":2},"end":{"line":1100,"column":4}},"486":{"start":{"line":1090,"column":4},"end":{"line":1092,"column":5}},"487":{"start":{"line":1091,"column":6},"end":{"line":1091,"column":13}},"488":{"start":{"line":1094,"column":4},"end":{"line":1094,"column":25}},"489":{"start":{"line":1095,"column":4},"end":{"line":1097,"column":5}},"490":{"start":{"line":1096,"column":6},"end":{"line":1096,"column":13}},"491":{"start":{"line":1099,"column":4},"end":{"line":1099,"column":64}},"492":{"start":{"line":1103,"column":2},"end":{"line":1127,"column":4}},"493":{"start":{"line":1104,"column":4},"end":{"line":1124,"column":5}},"494":{"start":{"line":1105,"column":6},"end":{"line":1107,"column":8}},"495":{"start":{"line":1109,"column":6},"end":{"line":1111,"column":7}},"496":{"start":{"line":1110,"column":8},"end":{"line":1110,"column":65}},"497":{"start":{"line":1113,"column":6},"end":{"line":1115,"column":7}},"498":{"start":{"line":1114,"column":8},"end":{"line":1114,"column":51}},"499":{"start":{"line":1117,"column":6},"end":{"line":1119,"column":7}},"500":{"start":{"line":1118,"column":8},"end":{"line":1118,"column":79}},"501":{"start":{"line":1121,"column":6},"end":{"line":1121,"column":26}},"502":{"start":{"line":1122,"column":11},"end":{"line":1124,"column":5}},"503":{"start":{"line":1123,"column":6},"end":{"line":1123,"column":22}},"504":{"start":{"line":1126,"column":4},"end":{"line":1126,"column":16}},"505":{"start":{"line":1129,"column":2},"end":{"line":1138,"column":4}},"506":{"start":{"line":1130,"column":4},"end":{"line":1135,"column":5}},"507":{"start":{"line":1131,"column":6},"end":{"line":1131,"column":34}},"508":{"start":{"line":1132,"column":11},"end":{"line":1135,"column":5}},"509":{"start":{"line":1133,"column":6},"end":{"line":1133,"column":44}},"510":{"start":{"line":1134,"column":6},"end":{"line":1134,"column":35}},"511":{"start":{"line":1137,"column":4},"end":{"line":1137,"column":16}},"512":{"start":{"line":1140,"column":2},"end":{"line":1142,"column":4}},"513":{"start":{"line":1141,"column":4},"end":{"line":1141,"column":25}},"514":{"start":{"line":1144,"column":2},"end":{"line":1146,"column":4}},"515":{"start":{"line":1145,"column":4},"end":{"line":1145,"column":37}},"516":{"start":{"line":1149,"column":2},"end":{"line":1159,"column":3}},"517":{"start":{"line":1150,"column":4},"end":{"line":1158,"column":6}},"518":{"start":{"line":1151,"column":6},"end":{"line":1157,"column":7}},"519":{"start":{"line":1152,"column":8},"end":{"line":1152,"column":40}},"520":{"start":{"line":1154,"column":8},"end":{"line":1154,"column":39}},"521":{"start":{"line":1155,"column":8},"end":{"line":1155,"column":27}},"522":{"start":{"line":1156,"column":8},"end":{"line":1156,"column":20}},"523":{"start":{"line":1161,"column":2},"end":{"line":1178,"column":3}},"524":{"start":{"line":1162,"column":4},"end":{"line":1177,"column":6}},"525":{"start":{"line":1163,"column":6},"end":{"line":1176,"column":7}},"526":{"start":{"line":1164,"column":8},"end":{"line":1164,"column":40}},"527":{"start":{"line":1166,"column":8},"end":{"line":1171,"column":9}},"528":{"start":{"line":1167,"column":10},"end":{"line":1167,"column":21}},"529":{"start":{"line":1168,"column":10},"end":{"line":1170,"column":11}},"530":{"start":{"line":1169,"column":12},"end":{"line":1169,"column":31}},"531":{"start":{"line":1173,"column":8},"end":{"line":1173,"column":31}},"532":{"start":{"line":1174,"column":8},"end":{"line":1174,"column":27}},"533":{"start":{"line":1175,"column":8},"end":{"line":1175,"column":20}},"534":{"start":{"line":1180,"column":2},"end":{"line":1180,"column":50}},"535":{"start":{"line":1181,"column":2},"end":{"line":1181,"column":50}},"536":{"start":{"line":1182,"column":2},"end":{"line":1182,"column":50}},"537":{"start":{"line":1183,"column":2},"end":{"line":1183,"column":50}},"538":{"start":{"line":1184,"column":2},"end":{"line":1184,"column":42}},"539":{"start":{"line":1185,"column":2},"end":{"line":1185,"column":49}},"540":{"start":{"line":1186,"column":2},"end":{"line":1186,"column":55}},"541":{"start":{"line":1188,"column":2},"end":{"line":1191,"column":4}},"542":{"start":{"line":1189,"column":4},"end":{"line":1189,"column":33}},"543":{"start":{"line":1190,"column":4},"end":{"line":1190,"column":61}},"544":{"start":{"line":1192,"column":2},"end":{"line":1195,"column":4}},"545":{"start":{"line":1193,"column":4},"end":{"line":1193,"column":36}},"546":{"start":{"line":1194,"column":4},"end":{"line":1194,"column":61}},"547":{"start":{"line":1197,"column":2},"end":{"line":1210,"column":4}},"548":{"start":{"line":1198,"column":4},"end":{"line":1209,"column":5}},"549":{"start":{"line":1199,"column":6},"end":{"line":1199,"column":70}},"550":{"start":{"line":1200,"column":6},"end":{"line":1200,"column":83}},"551":{"start":{"line":1202,"column":6},"end":{"line":1206,"column":7}},"552":{"start":{"line":1203,"column":8},"end":{"line":1203,"column":57}},"553":{"start":{"line":1205,"column":8},"end":{"line":1205,"column":55}},"554":{"start":{"line":1207,"column":6},"end":{"line":1207,"column":25}},"555":{"start":{"line":1208,"column":6},"end":{"line":1208,"column":18}},"556":{"start":{"line":1211,"column":2},"end":{"line":1211,"column":22}},"557":{"start":{"line":1212,"column":2},"end":{"line":1260,"column":4}},"558":{"start":{"line":1213,"column":4},"end":{"line":1213,"column":12}},"559":{"start":{"line":1215,"column":4},"end":{"line":1217,"column":5}},"560":{"start":{"line":1216,"column":6},"end":{"line":1216,"column":29}},"561":{"start":{"line":1219,"column":4},"end":{"line":1219,"column":22}},"562":{"start":{"line":1220,"column":4},"end":{"line":1220,"column":31}},"563":{"start":{"line":1222,"column":4},"end":{"line":1222,"column":35}},"564":{"start":{"line":1223,"column":4},"end":{"line":1223,"column":92}},"565":{"start":{"line":1224,"column":4},"end":{"line":1228,"column":5}},"566":{"start":{"line":1225,"column":6},"end":{"line":1225,"column":48}},"567":{"start":{"line":1226,"column":6},"end":{"line":1226,"column":35}},"568":{"start":{"line":1227,"column":6},"end":{"line":1227,"column":22}},"569":{"start":{"line":1237,"column":4},"end":{"line":1239,"column":5}},"570":{"start":{"line":1238,"column":6},"end":{"line":1238,"column":29}},"571":{"start":{"line":1241,"column":4},"end":{"line":1256,"column":5}},"572":{"start":{"line":1242,"column":6},"end":{"line":1242,"column":57}},"573":{"start":{"line":1243,"column":11},"end":{"line":1256,"column":5}},"574":{"start":{"line":1244,"column":6},"end":{"line":1244,"column":42}},"575":{"start":{"line":1245,"column":6},"end":{"line":1250,"column":7}},"576":{"start":{"line":1246,"column":8},"end":{"line":1246,"column":42}},"577":{"start":{"line":1246,"column":31},"end":{"line":1246,"column":40}},"578":{"start":{"line":1247,"column":8},"end":{"line":1249,"column":9}},"579":{"start":{"line":1248,"column":10},"end":{"line":1248,"column":38}},"580":{"start":{"line":1251,"column":6},"end":{"line":1253,"column":7}},"581":{"start":{"line":1252,"column":8},"end":{"line":1252,"column":37}},"582":{"start":{"line":1255,"column":6},"end":{"line":1255,"column":43}},"583":{"start":{"line":1258,"column":4},"end":{"line":1258,"column":23}},"584":{"start":{"line":1259,"column":4},"end":{"line":1259,"column":16}},"585":{"start":{"line":1263,"column":2},"end":{"line":1326,"column":4}},"586":{"start":{"line":1264,"column":4},"end":{"line":1264,"column":19}},"587":{"start":{"line":1265,"column":4},"end":{"line":1265,"column":20}},"588":{"start":{"line":1266,"column":4},"end":{"line":1266,"column":20}},"589":{"start":{"line":1267,"column":4},"end":{"line":1267,"column":21}},"590":{"start":{"line":1268,"column":4},"end":{"line":1268,"column":20}},"591":{"start":{"line":1269,"column":4},"end":{"line":1269,"column":20}},"592":{"start":{"line":1270,"column":4},"end":{"line":1270,"column":25}},"593":{"start":{"line":1271,"column":4},"end":{"line":1271,"column":36}},"594":{"start":{"line":1273,"column":4},"end":{"line":1282,"column":5}},"595":{"start":{"line":1274,"column":6},"end":{"line":1274,"column":23}},"596":{"start":{"line":1275,"column":6},"end":{"line":1275,"column":58}},"597":{"start":{"line":1276,"column":6},"end":{"line":1276,"column":58}},"598":{"start":{"line":1277,"column":6},"end":{"line":1277,"column":22}},"599":{"start":{"line":1278,"column":6},"end":{"line":1278,"column":17}},"600":{"start":{"line":1279,"column":6},"end":{"line":1279,"column":57}},"601":{"start":{"line":1280,"column":6},"end":{"line":1280,"column":66}},"602":{"start":{"line":1281,"column":6},"end":{"line":1281,"column":76}},"603":{"start":{"line":1284,"column":4},"end":{"line":1323,"column":5}},"604":{"start":{"line":1286,"column":8},"end":{"line":1286,"column":24}},"605":{"start":{"line":1289,"column":8},"end":{"line":1289,"column":25}},"606":{"start":{"line":1294,"column":8},"end":{"line":1294,"column":20}},"607":{"start":{"line":1297,"column":8},"end":{"line":1297,"column":19}},"608":{"start":{"line":1300,"column":8},"end":{"line":1300,"column":18}},"609":{"start":{"line":1305,"column":8},"end":{"line":1305,"column":19}},"610":{"start":{"line":1310,"column":8},"end":{"line":1310,"column":19}},"611":{"start":{"line":1313,"column":8},"end":{"line":1313,"column":19}},"612":{"start":{"line":1316,"column":8},"end":{"line":1316,"column":32}},"613":{"start":{"line":1319,"column":8},"end":{"line":1319,"column":33}},"614":{"start":{"line":1322,"column":8},"end":{"line":1322,"column":24}},"615":{"start":{"line":1325,"column":4},"end":{"line":1325,"column":16}},"616":{"start":{"line":1329,"column":2},"end":{"line":1329,"column":29}},"617":{"start":{"line":1330,"column":2},"end":{"line":1330,"column":21}},"618":{"start":{"line":1331,"column":2},"end":{"line":1331,"column":29}},"619":{"start":{"line":1333,"column":2},"end":{"line":1344,"column":4}},"620":{"start":{"line":1334,"column":4},"end":{"line":1341,"column":5}},"621":{"start":{"line":1336,"column":6},"end":{"line":1336,"column":37}},"622":{"start":{"line":1338,"column":6},"end":{"line":1340,"column":7}},"623":{"start":{"line":1339,"column":8},"end":{"line":1339,"column":124}},"624":{"start":{"line":1343,"column":4},"end":{"line":1343,"column":42}},"625":{"start":{"line":1345,"column":2},"end":{"line":1345,"column":24}},"626":{"start":{"line":1346,"column":2},"end":{"line":1366,"column":4}},"627":{"start":{"line":1347,"column":4},"end":{"line":1349,"column":5}},"628":{"start":{"line":1348,"column":6},"end":{"line":1348,"column":41}},"629":{"start":{"line":1351,"column":4},"end":{"line":1364,"column":5}},"630":{"start":{"line":1352,"column":6},"end":{"line":1354,"column":7}},"631":{"start":{"line":1353,"column":8},"end":{"line":1353,"column":17}},"632":{"start":{"line":1356,"column":6},"end":{"line":1363,"column":7}},"633":{"start":{"line":1357,"column":8},"end":{"line":1357,"column":16}},"634":{"start":{"line":1358,"column":8},"end":{"line":1360,"column":9}},"635":{"start":{"line":1359,"column":10},"end":{"line":1359,"column":29}},"636":{"start":{"line":1362,"column":8},"end":{"line":1362,"column":31}},"637":{"start":{"line":1365,"column":4},"end":{"line":1365,"column":38}},"638":{"start":{"line":1367,"column":2},"end":{"line":1386,"column":4}},"639":{"start":{"line":1368,"column":4},"end":{"line":1370,"column":5}},"640":{"start":{"line":1369,"column":6},"end":{"line":1369,"column":41}},"641":{"start":{"line":1372,"column":4},"end":{"line":1383,"column":5}},"642":{"start":{"line":1373,"column":6},"end":{"line":1373,"column":77}},"643":{"start":{"line":1374,"column":6},"end":{"line":1374,"column":36}},"644":{"start":{"line":1375,"column":6},"end":{"line":1377,"column":7}},"645":{"start":{"line":1376,"column":8},"end":{"line":1376,"column":94}},"646":{"start":{"line":1379,"column":6},"end":{"line":1379,"column":21}},"647":{"start":{"line":1380,"column":6},"end":{"line":1382,"column":7}},"648":{"start":{"line":1381,"column":8},"end":{"line":1381,"column":57}},"649":{"start":{"line":1385,"column":4},"end":{"line":1385,"column":42}},"650":{"start":{"line":1389,"column":2},"end":{"line":1410,"column":4}},"651":{"start":{"line":1390,"column":4},"end":{"line":1392,"column":5}},"652":{"start":{"line":1391,"column":6},"end":{"line":1391,"column":41}},"653":{"start":{"line":1394,"column":4},"end":{"line":1409,"column":5}},"654":{"start":{"line":1395,"column":6},"end":{"line":1395,"column":37}},"655":{"start":{"line":1396,"column":6},"end":{"line":1396,"column":39}},"656":{"start":{"line":1397,"column":6},"end":{"line":1399,"column":7}},"657":{"start":{"line":1398,"column":8},"end":{"line":1398,"column":18}},"658":{"start":{"line":1401,"column":6},"end":{"line":1401,"column":67}},"659":{"start":{"line":1403,"column":6},"end":{"line":1403,"column":26}},"660":{"start":{"line":1404,"column":6},"end":{"line":1407,"column":23}},"661":{"start":{"line":1408,"column":6},"end":{"line":1408,"column":18}},"662":{"start":{"line":1411,"column":2},"end":{"line":1427,"column":4}},"663":{"start":{"line":1412,"column":4},"end":{"line":1414,"column":5}},"664":{"start":{"line":1413,"column":6},"end":{"line":1413,"column":41}},"665":{"start":{"line":1416,"column":4},"end":{"line":1426,"column":5}},"666":{"start":{"line":1417,"column":6},"end":{"line":1417,"column":68}},"667":{"start":{"line":1419,"column":6},"end":{"line":1419,"column":46}},"668":{"start":{"line":1420,"column":6},"end":{"line":1422,"column":7}},"669":{"start":{"line":1421,"column":8},"end":{"line":1421,"column":94}},"670":{"start":{"line":1424,"column":6},"end":{"line":1424,"column":25}},"671":{"start":{"line":1425,"column":6},"end":{"line":1425,"column":18}},"672":{"start":{"line":1428,"column":2},"end":{"line":1444,"column":4}},"673":{"start":{"line":1429,"column":4},"end":{"line":1431,"column":5}},"674":{"start":{"line":1430,"column":6},"end":{"line":1430,"column":41}},"675":{"start":{"line":1433,"column":4},"end":{"line":1443,"column":5}},"676":{"start":{"line":1434,"column":6},"end":{"line":1434,"column":73}},"677":{"start":{"line":1436,"column":6},"end":{"line":1436,"column":51}},"678":{"start":{"line":1437,"column":6},"end":{"line":1439,"column":7}},"679":{"start":{"line":1438,"column":8},"end":{"line":1438,"column":94}},"680":{"start":{"line":1441,"column":6},"end":{"line":1441,"column":25}},"681":{"start":{"line":1442,"column":6},"end":{"line":1442,"column":18}},"682":{"start":{"line":1445,"column":2},"end":{"line":1462,"column":4}},"683":{"start":{"line":1446,"column":4},"end":{"line":1448,"column":5}},"684":{"start":{"line":1447,"column":6},"end":{"line":1447,"column":41}},"685":{"start":{"line":1450,"column":4},"end":{"line":1461,"column":5}},"686":{"start":{"line":1451,"column":6},"end":{"line":1451,"column":45}},"687":{"start":{"line":1452,"column":6},"end":{"line":1452,"column":49}},"688":{"start":{"line":1454,"column":6},"end":{"line":1456,"column":7}},"689":{"start":{"line":1455,"column":8},"end":{"line":1455,"column":17}},"690":{"start":{"line":1458,"column":6},"end":{"line":1458,"column":40}},"691":{"start":{"line":1459,"column":6},"end":{"line":1459,"column":25}},"692":{"start":{"line":1460,"column":6},"end":{"line":1460,"column":18}},"693":{"start":{"line":1463,"column":2},"end":{"line":1476,"column":4}},"694":{"start":{"line":1464,"column":4},"end":{"line":1464,"column":14}},"695":{"start":{"line":1466,"column":4},"end":{"line":1468,"column":5}},"696":{"start":{"line":1467,"column":6},"end":{"line":1467,"column":55}},"697":{"start":{"line":1470,"column":4},"end":{"line":1470,"column":25}},"698":{"start":{"line":1471,"column":4},"end":{"line":1471,"column":34}},"699":{"start":{"line":1472,"column":4},"end":{"line":1472,"column":36}},"700":{"start":{"line":1473,"column":4},"end":{"line":1473,"column":42}},"701":{"start":{"line":1474,"column":4},"end":{"line":1474,"column":23}},"702":{"start":{"line":1475,"column":4},"end":{"line":1475,"column":16}},"703":{"start":{"line":1479,"column":2},"end":{"line":1514,"column":4}},"704":{"start":{"line":1480,"column":4},"end":{"line":1482,"column":5}},"705":{"start":{"line":1481,"column":6},"end":{"line":1481,"column":41}},"706":{"start":{"line":1485,"column":4},"end":{"line":1513,"column":5}},"707":{"start":{"line":1486,"column":6},"end":{"line":1488,"column":7}},"708":{"start":{"line":1487,"column":8},"end":{"line":1487,"column":18}},"709":{"start":{"line":1491,"column":6},"end":{"line":1491,"column":71}},"710":{"start":{"line":1492,"column":6},"end":{"line":1492,"column":58}},"711":{"start":{"line":1494,"column":6},"end":{"line":1494,"column":65}},"712":{"start":{"line":1495,"column":6},"end":{"line":1495,"column":53}},"713":{"start":{"line":1496,"column":6},"end":{"line":1496,"column":55}},"714":{"start":{"line":1498,"column":6},"end":{"line":1500,"column":7}},"715":{"start":{"line":1499,"column":8},"end":{"line":1499,"column":17}},"716":{"start":{"line":1502,"column":6},"end":{"line":1504,"column":7}},"717":{"start":{"line":1503,"column":8},"end":{"line":1503,"column":61}},"718":{"start":{"line":1506,"column":6},"end":{"line":1508,"column":7}},"719":{"start":{"line":1507,"column":8},"end":{"line":1507,"column":57}},"720":{"start":{"line":1510,"column":6},"end":{"line":1510,"column":70}},"721":{"start":{"line":1511,"column":6},"end":{"line":1511,"column":25}},"722":{"start":{"line":1512,"column":6},"end":{"line":1512,"column":18}},"723":{"start":{"line":1515,"column":2},"end":{"line":1562,"column":4}},"724":{"start":{"line":1516,"column":4},"end":{"line":1518,"column":5}},"725":{"start":{"line":1517,"column":6},"end":{"line":1517,"column":41}},"726":{"start":{"line":1520,"column":4},"end":{"line":1523,"column":5}},"727":{"start":{"line":1521,"column":6},"end":{"line":1521,"column":16}},"728":{"start":{"line":1522,"column":6},"end":{"line":1522,"column":20}},"729":{"start":{"line":1526,"column":4},"end":{"line":1561,"column":5}},"730":{"start":{"line":1527,"column":6},"end":{"line":1529,"column":7}},"731":{"start":{"line":1528,"column":8},"end":{"line":1528,"column":18}},"732":{"start":{"line":1532,"column":6},"end":{"line":1532,"column":48}},"733":{"start":{"line":1533,"column":6},"end":{"line":1535,"column":7}},"734":{"start":{"line":1534,"column":8},"end":{"line":1534,"column":36}},"735":{"start":{"line":1538,"column":6},"end":{"line":1538,"column":73}},"736":{"start":{"line":1539,"column":6},"end":{"line":1539,"column":62}},"737":{"start":{"line":1540,"column":6},"end":{"line":1540,"column":55}},"738":{"start":{"line":1542,"column":6},"end":{"line":1544,"column":7}},"739":{"start":{"line":1543,"column":8},"end":{"line":1543,"column":55}},"740":{"start":{"line":1546,"column":6},"end":{"line":1548,"column":7}},"741":{"start":{"line":1547,"column":8},"end":{"line":1547,"column":61}},"742":{"start":{"line":1550,"column":6},"end":{"line":1550,"column":55}},"743":{"start":{"line":1552,"column":6},"end":{"line":1557,"column":7}},"744":{"start":{"line":1553,"column":8},"end":{"line":1553,"column":33}},"745":{"start":{"line":1555,"column":8},"end":{"line":1555,"column":67}},"746":{"start
[...]
olumn":27},"end":{"line":518,"column":37}}]},"42":{"line":519,"type":"if","locations":[{"start":{"line":519,"column":2},"end":{"line":519,"column":2}},{"start":{"line":519,"column":2},"end":{"line":519,"column":2}}]},"43":{"line":525,"type":"binary-expr","locations":[{"start":{"line":525,"column":4},"end":{"line":525,"column":32}},{"start":{"line":525,"column":37},"end":{"line":525,"column":69}}]}}},"/home/vera/url-fuzzing/languagefuzzing/JavaScriptCoverage/node_modules/urijs/src/IPv6.js":{"path":"/home/vera/url-fuzzing/languagefuzzing/JavaScriptCoverage/node_modules/urijs/src/IPv6.js","s":{"1":1,"2":1,"3":1,"4":0,"5":0,"6":0,"7":1,"8":1,"9":0,"10":0,"11":0,"12":0,"13":0,"14":0,"15":0,"16":0,"17":0,"18":0,"19":0,"20":0,"21":0,"22":0,"23":0,"24":0,"25":0,"26":0,"27":0,"28":0,"29":0,"30":0,"31":0,"32":0,"33":0,"34":0,"35":0,"36":0,"37":0,"38":0,"39":0,"40":0,"41":0,"42":0,"43":0,"44":0,"45":0,"46":0,"47":0,"48":0,"49":0,"50":0,"51":0,"52":0,"53":0,"54":0,"55":0,"56":0,"57":0,"58":0,"59":0,"60":0,"61":0,"62":0,"63":0,"64":0,"65":0,"66":0,"67":0,"68":0,"69":0,"70":0,"71":0,"72":0,"73":1,"74":0,"75":0,"76":0,"77":1},"b":{"1":[1,0],"2":[1,1],"3":[0,0],"4":[0,0],"5":[1,0],"6":[0,0],"7":[0,0,0],"8":[0,0],"9":[0,0],"10":[0,0],"11":[0,0],"12":[0,0],"13":[0,0],"14":[0,0],"15":[0,0],"16":[0,0],"17":[0,0],"18":[0,0],"19":[0,0],"20":[0,0],"21":[0,0],"22":[0,0],"23":[0,0],"24":[0,0],"25":[0,0],"26":[0,0]},"f":{"1":1,"2":1,"3":0,"4":0},"fnMap":{"1":{"name":"(anonymous_1)","line":15,"loc":{"start":{"line":15,"column":1},"end":{"line":15,"column":26}}},"2":{"name":"(anonymous_2)","line":28,"loc":{"start":{"line":28,"column":8},"end":{"line":28,"column":24}}},"3":{"name":"bestPresentation","line":42,"loc":{"start":{"line":42,"column":2},"end":{"line":42,"column":37}}},"4":{"name":"noConflict","line":172,"loc":{"start":{"line":172,"column":2},"end":{"line":172,"column":24}}}},"statementMap":{"1":{"start":{"line":15,"column":0},"end":{"line":185,"column":4}},"2":{"start":{"line":18,"column":2},"end":{"line":27,"column":3}},"3":{"start":{"line":20,"column":4},"end":{"line":20,"column":31}},"4":{"start":{"line":21,"column":9},"end":{"line":27,"column":3}},"5":{"start":{"line":23,"column":4},"end":{"line":23,"column":20}},"6":{"start":{"line":26,"column":4},"end":{"line":26,"column":30}},"7":{"start":{"line":40,"column":2},"end":{"line":40,"column":32}},"8":{"start":{"line":42,"column":2},"end":{"line":170,"column":3}},"9":{"start":{"line":53,"column":4},"end":{"line":53,"column":41}},"10":{"start":{"line":54,"column":4},"end":{"line":54,"column":39}},"11":{"start":{"line":55,"column":4},"end":{"line":55,"column":33}},"12":{"start":{"line":56,"column":4},"end":{"line":56,"column":18}},"13":{"start":{"line":59,"column":4},"end":{"line":71,"column":5}},"14":{"start":{"line":62,"column":6},"end":{"line":62,"column":23}},"15":{"start":{"line":63,"column":6},"end":{"line":63,"column":23}},"16":{"start":{"line":64,"column":11},"end":{"line":71,"column":5}},"17":{"start":{"line":67,"column":6},"end":{"line":67,"column":23}},"18":{"start":{"line":68,"column":11},"end":{"line":71,"column":5}},"19":{"start":{"line":70,"column":6},"end":{"line":70,"column":21}},"20":{"start":{"line":73,"column":4},"end":{"line":73,"column":29}},"21":{"start":{"line":76,"column":4},"end":{"line":79,"column":5}},"22":{"start":{"line":78,"column":6},"end":{"line":78,"column":16}},"23":{"start":{"line":82,"column":4},"end":{"line":82,"column":12}},"24":{"start":{"line":83,"column":4},"end":{"line":87,"column":5}},"25":{"start":{"line":84,"column":6},"end":{"line":86,"column":7}},"26":{"start":{"line":85,"column":8},"end":{"line":85,"column":14}},"27":{"start":{"line":89,"column":4},"end":{"line":94,"column":5}},"28":{"start":{"line":90,"column":6},"end":{"line":90,"column":38}},"29":{"start":{"line":91,"column":6},"end":{"line":93,"column":7}},"30":{"start":{"line":92,"column":8},"end":{"line":92,"column":40}},"31":{"start":{"line":97,"column":4},"end":{"line":97,"column":18}},"32":{"start":{"line":98,"column":4},"end":{"line":109,"column":5}},"33":{"start":{"line":99,"column":6},"end":{"line":99,"column":40}},"34":{"start":{"line":100,"column":6},"end":{"line":106,"column":7}},"35":{"start":{"line":101,"column":8},"end":{"line":105,"column":9}},"36":{"start":{"line":102,"column":10},"end":{"line":102,"column":32}},"37":{"start":{"line":104,"column":10},"end":{"line":104,"column":16}},"38":{"start":{"line":108,"column":6},"end":{"line":108,"column":39}},"39":{"start":{"line":112,"column":4},"end":{"line":112,"column":18}},"40":{"start":{"line":113,"column":4},"end":{"line":113,"column":18}},"41":{"start":{"line":114,"column":4},"end":{"line":114,"column":21}},"42":{"start":{"line":115,"column":4},"end":{"line":115,"column":21}},"43":{"start":{"line":116,"column":4},"end":{"line":116,"column":25}},"44":{"start":{"line":119,"column":4},"end":{"line":137,"column":5}},"45":{"start":{"line":120,"column":6},"end":{"line":136,"column":7}},"46":{"start":{"line":121,"column":8},"end":{"line":129,"column":9}},"47":{"start":{"line":122,"column":10},"end":{"line":122,"column":24}},"48":{"start":{"line":124,"column":10},"end":{"line":124,"column":27}},"49":{"start":{"line":125,"column":10},"end":{"line":128,"column":11}},"50":{"start":{"line":126,"column":12},"end":{"line":126,"column":27}},"51":{"start":{"line":127,"column":12},"end":{"line":127,"column":29}},"52":{"start":{"line":131,"column":8},"end":{"line":135,"column":9}},"53":{"start":{"line":132,"column":10},"end":{"line":132,"column":26}},"54":{"start":{"line":133,"column":10},"end":{"line":133,"column":22}},"55":{"start":{"line":134,"column":10},"end":{"line":134,"column":23}},"56":{"start":{"line":139,"column":4},"end":{"line":142,"column":5}},"57":{"start":{"line":140,"column":6},"end":{"line":140,"column":21}},"58":{"start":{"line":141,"column":6},"end":{"line":141,"column":23}},"59":{"start":{"line":144,"column":4},"end":{"line":146,"column":5}},"60":{"start":{"line":145,"column":6},"end":{"line":145,"column":39}},"61":{"start":{"line":148,"column":4},"end":{"line":148,"column":29}},"62":{"start":{"line":151,"column":4},"end":{"line":151,"column":20}},"63":{"start":{"line":152,"column":4},"end":{"line":154,"column":5}},"64":{"start":{"line":153,"column":6},"end":{"line":153,"column":19}},"65":{"start":{"line":156,"column":4},"end":{"line":163,"column":5}},"66":{"start":{"line":157,"column":6},"end":{"line":157,"column":28}},"67":{"start":{"line":158,"column":6},"end":{"line":160,"column":7}},"68":{"start":{"line":159,"column":8},"end":{"line":159,"column":14}},"69":{"start":{"line":162,"column":6},"end":{"line":162,"column":20}},"70":{"start":{"line":165,"column":4},"end":{"line":167,"column":5}},"71":{"start":{"line":166,"column":6},"end":{"line":166,"column":20}},"72":{"start":{"line":169,"column":4},"end":{"line":169,"column":18}},"73":{"start":{"line":172,"column":2},"end":{"line":179,"column":3}},"74":{"start":{"line":174,"column":4},"end":{"line":176,"column":5}},"75":{"start":{"line":175,"column":6},"end":{"line":175,"column":24}},"76":{"start":{"line":178,"column":4},"end":{"line":178,"column":16}},"77":{"start":{"line":181,"column":2},"end":{"line":184,"column":4}}},"branchMap":{"1":{"line":18,"type":"if","locations":[{"start":{"line":18,"column":2},"end":{"line":18,"column":2}},{"start":{"line":18,"column":2},"end":{"line":18,"column":2}}]},"2":{"line":18,"type":"binary-expr","locations":[{"start":{"line":18,"column":6},"end":{"line":18,"column":32}},{"start":{"line":18,"column":36},"end":{"line":18,"column":50}}]},"3":{"line":21,"type":"if","locations":[{"start":{"line":21,"column":9},"end":{"line":21,"column":9}},{"start":{"line":21,"column":9},"end":{"line":21,"column":9}}]},"4":{"line":21,"type":"binary-expr","locations":[{"start":{"line":21,"column":13},"end":{"line":21,"column":41}},{"start":{"line":21,"column":45},"end":{"line":21,"column":55}}]},"5":{"line":40,"type":"binary-expr","locations":[{"start":{"line":40,"column":14},"end":{"line":40,"column":18}},{"start":{"line":40,"column":22},"end":{"line":40,"column":31}}]},"6":{"line":59,"type":"if","locations":[{"start":{"line":59,"column":4},"end":{"line":59,"column":4}},{"start":{"line":59,"column":4},"end":{"line":59,"column":4}}]},"7":{"line":59,"type":"binary-expr","locations":[{"start":{"line":59,"column":8},"end":{"line":59,"column":26}},{"start":{"line":59,"column":30},"end":{"line":59,"column":48}},{"start":{"line":59,"column":52},"end":{"line":59,"column":70}}]},"8":{"line":64,"type":"if","locations":[{"start":{"line":64,"column":11},"end":{"line":64,"column":11}},{"start":{"line":64,"column":11},"end":{"line":64,"column":11}}]},"9":{"line":64,"type":"binary-expr","locations":[{"start":{"line":64,"column":15},"end":{"line":64,"column":33}},{"start":{"line":64,"column":37},"end":{"line":64,"column":55}}]},"10":{"line":68,"type":"if","locations":[{"start":{"line":68,"column":11},"end":{"line":68,"column":11}},{"start":{"line":68,"column":11},"end":{"line":68,"column":11}}]},"11":{"line":68,"type":"binary-expr","locations":[{"start":{"line":68,"column":15},"end":{"line":68,"column":42}},{"start":{"line":68,"column":46},"end":{"line":68,"column":73}}]},"12":{"line":76,"type":"if","locations":[{"start":{"line":76,"column":4},"end":{"line":76,"column":4}},{"start":{"line":76,"column":4},"end":{"line":76,"column":4}}]},"13":{"line":84,"type":"if","locations":[{"start":{"line":84,"column":6},"end":{"line":84,"column":6}},{"start":{"line":84,"column":6},"end":{"line":84,"column":6}}]},"14":{"line":89,"type":"if","locations":[{"start":{"line":89,"column":4},"end":{"line":89,"column":4}},{"start":{"line":89,"column":4},"end":{"line":89,"column":4}}]},"15":{"line":101,"type":"if","locations":[{"start":{"line":101,"column":8},"end":{"line":101,"column":8}},{"start":{"line":101,"column":8},"end":{"line":101,"column":8}}]},"16":{"line":101,"type":"binary-expr","locations":[{"start":{"line":101,"column":12},"end":{"line":101,"column":32}},{"start":{"line":101,"column":36},"end":{"line":101,"column":56}}]},"17":{"line":120,"type":"if","locations":[{"start":{"line":120,"column":6},"end":{"line":120,"column":6}},{"start":{"line":120,"column":6},"end":{"line":120,"column":6}}]},"18":{"line":121,"type":"if","locations":[{"start":{"line":121,"column":8},"end":{"line":121,"column":8}},{"start":{"line":121,"column":8},"end":{"line":121,"column":8}}]},"19":{"line":125,"type":"if","locations":[{"start":{"line":125,"column":10},"end":{"line":125,"column":10}},{"start":{"line":125,"column":10},"end":{"line":125,"column":10}}]},"20":{"line":131,"type":"if","locations":[{"start":{"line":131,"column":8},"end":{"line":131,"column":8}},{"start":{"line":131,"column":8},"end":{"line":131,"column":8}}]},"21":{"line":139,"type":"if","locations":[{"start":{"line":139,"column":4},"end":{"line":139,"column":4}},{"start":{"line":139,"column":4},"end":{"line":139,"column":4}}]},"22":{"line":144,"type":"if","locations":[{"start":{"line":144,"column":4},"end":{"line":144,"column":4}},{"start":{"line":144,"column":4},"end":{"line":144,"column":4}}]},"23":{"line":152,"type":"if","locations":[{"start":{"line":152,"column":4},"end":{"line":152,"column":4}},{"start":{"line":152,"column":4},"end":{"line":152,"column":4}}]},"24":{"line":158,"type":"if","locations":[{"start":{"line":158,"column":6},"end":{"line":158,"column":6}},{"start":{"line":158,"column":6},"end":{"line":158,"column":6}}]},"25":{"line":165,"type":"if","locations":[{"start":{"line":165,"column":4},"end":{"line":165,"column":4}},{"start":{"line":165,"column":4},"end":{"line":165,"column":4}}]},"26":{"line":174,"type":"if","locations":[{"start":{"line":174,"column":4},"end":{"line":174,"column":4}},{"start":{"line":174,"column":4},"end":{"line":174,"column":4}}]}}},"/home/vera/url-fuzzing/languagefuzzing/JavaScriptCoverage/node_modules/urijs/src/SecondLevelDomains.js":{"path":"/home/vera/url-fuzzing/languagefuzzing/JavaScriptCoverage/node_modules/urijs/src/SecondLevelDomains.js","s":{"1":1,"2":1,"3":1,"4":0,"5":0,"6":0,"7":1,"8":1,"9":0,"10":0,"11":0,"12":0,"13":0,"14":0,"15":0,"16":0,"17":0,"18":0,"19":0,"20":0,"21":0,"22":0,"23":0,"24":0,"25":0,"26":0,"27":0,"28":0,"29":0,"30":0,"31":0,"32":0,"33":0,"34":0,"35":0,"36":0,"37":0,"38":0,"39":0,"40":0,"41":0,"42":0,"43":0,"44":1},"b":{"1":[1,0],"2":[1,1],"3":[0,0],"4":[0,0],"5":[1,0],"6":[0,0],"7":[0,0],"8":[0,0],"9":[0,0],"10":[0,0],"11":[0,0],"12":[0,0],"13":[0,0],"14":[0,0],"15":[0,0],"16":[0,0],"17":[0,0],"18":[0,0],"19":[0,0],"20":[0,0],"21":[0,0]},"f":{"1":1,"2":1,"3":0,"4":0,"5":0,"6":0},"fnMap":{"1":{"name":"(anonymous_1)","line":15,"loc":{"start":{"line":15,"column":1},"end":{"line":15,"column":26}}},"2":{"name":"(anonymous_2)","line":28,"loc":{"start":{"line":28,"column":8},"end":{"line":28,"column":24}}},"3":{"name":"(anonymous_3)","line":188,"loc":{"start":{"line":188,"column":9},"end":{"line":188,"column":26}}},"4":{"name":"(anonymous_4)","line":203,"loc":{"start":{"line":203,"column":8},"end":{"line":203,"column":25}}},"5":{"name":"(anonymous_5)","line":218,"loc":{"start":{"line":218,"column":9},"end":{"line":218,"column":26}}},"6":{"name":"(anonymous_6)","line":236,"loc":{"start":{"line":236,"column":16},"end":{"line":236,"column":26}}}},"statementMap":{"1":{"start":{"line":15,"column":0},"end":{"line":245,"column":4}},"2":{"start":{"line":18,"column":2},"end":{"line":27,"column":3}},"3":{"start":{"line":20,"column":4},"end":{"line":20,"column":31}},"4":{"start":{"line":21,"column":9},"end":{"line":27,"column":3}},"5":{"start":{"line":23,"column":4},"end":{"line":23,"column":20}},"6":{"start":{"line":26,"column":4},"end":{"line":26,"column":44}},"7":{"start":{"line":32,"column":2},"end":{"line":32,"column":60}},"8":{"start":{"line":34,"column":2},"end":{"line":242,"column":4}},"9":{"start":{"line":189,"column":6},"end":{"line":189,"column":46}},"10":{"start":{"line":190,"column":6},"end":{"line":192,"column":7}},"11":{"start":{"line":191,"column":8},"end":{"line":191,"column":21}},"12":{"start":{"line":193,"column":6},"end":{"line":193,"column":59}},"13":{"start":{"line":194,"column":6},"end":{"line":196,"column":7}},"14":{"start":{"line":195,"column":8},"end":{"line":195,"column":21}},"15":{"start":{"line":197,"column":6},"end":{"line":197,"column":56}},"16":{"start":{"line":198,"column":6},"end":{"line":200,"column":7}},"17":{"start":{"line":199,"column":8},"end":{"line":199,"column":21}},"18":{"start":{"line":201,"column":6},"end":{"line":201,"column":84}},"19":{"start":{"line":204,"column":6},"end":{"line":204,"column":46}},"20":{"start":{"line":205,"column":6},"end":{"line":207,"column":7}},"21":{"start":{"line":206,"column":8},"end":{"line":206,"column":21}},"22":{"start":{"line":208,"column":6},"end":{"line":208,"column":59}},"23":{"start":{"line":209,"column":6},"end":{"line":211,"column":7}},"24":{"start":{"line":210,"column":8},"end":{"line":210,"column":21}},"25":{"start":{"line":212,"column":6},"end":{"line":212,"column":56}},"26":{"start":{"line":213,"column":6},"end":{"line":215,"column":7}},"27":{"start":{"line":214,"column":8},"end":{"line":214,"column":21}},"28":{"start":{"line":216,"column":6},"end":{"line":216,"column":74}},"29":{"start":{"line":219,"column":6},"end":{"line":219,"column":46}},"30":{"start":{"line":220,"column":6},"end":{"line":222,"column":7}},"31":{"start":{"line":221,"column":8},"end":{"line":221,"column":20}},"32":{"start":{"line":223,"column":6},"end":{"line":223,"column":59}},"33":{"start":{"line":224,"column":6},"end":{"line":226,"column":7}},"34":{"start":{"line":225,"column":8},"end":{"line":225,"column":20}},"35":{"start":{"line":227,"column":6},"end":{"line":227,"column":56}},"36":{"start":{"line":228,"column":6},"end":{"line":230,"column":7}},"37":{"start":{"line":229,"column":8},"end":{"line":229,"column":20}},"38":{"start":{"line":231,"column":6},"end":{"line":233,"column":7}},"39":{"start":{"line":232,"column":8},"end":{"line":232,"column":20}},"40":{"start":{"line":234,"column":6},"end":{"line":234,"column":39}},"41":{"start":{"line":237,"column":6},"end":{"line":239,"column":7}},"42":{"start":{"line":238,"column":8},"end":{"line":238,"column":54}},"43":{"start":{"line":240,"column":6},"end":{"line":240,"column":18}},"44":{"start":{"line":244,"column":2},"end":{"line":244,"column":13}}},"branchMap":{"1":{"line":18,"type":"if","locations":[{"start":{"line":18,"column":2},"end":{"line":18,"column":2}},{"start":{"line":18,"column":2},"end":{"line":18,"column":2}}]},"2":{"line":18,"type":"binary-expr","locations":[{"start":{"line":18,"column":6},"end":{"line":18,"column":32}},{"start":{"line":18,"column":36},"end":{"line":18,"column":50}}]},"3":{"line":21,"type":"if","locations":[{"start":{"line":21,"column":9},"end":{"line":21,"column":9}},{"start":{"line":21,"column":9},"end":{"line":21,"column":9}}]},"4":{"line":21,"type":"binary-expr","locations":[{"start":{"line":21,"column":13},"end":{"line":21,"column":41}},{"start":{"line":21,"column":45},"end":{"line":21,"column":55}}]},"5":{"line":32,"type":"binary-expr","locations":[{"start":{"line":32,"column":28},"end":{"line":32,"column":32}},{"start":{"line":32,"column":36},"end":{"line":32,"column":59}}]},"6":{"line":190,"type":"if","locations":[{"start":{"line":190,"column":6},"end":{"line":190,"column":6}},{"start":{"line":190,"column":6},"end":{"line":190,"column":6}}]},"7":{"line":190,"type":"binary-expr","locations":[{"start":{"line":190,"column":10},"end":{"line":190,"column":24}},{"start":{"line":190,"column":28},"end":{"line":190,"column":58}}]},"8":{"line":194,"type":"if","locations":[{"start":{"line":194,"column":6},"end":{"line":194,"column":6}},{"start":{"line":194,"column":6},"end":{"line":194,"column":6}}]},"9":{"line":194,"type":"binary-expr","locations":[{"start":{"line":194,"column":10},"end":{"line":194,"column":24}},{"start":{"line":194,"column":28},"end":{"line":194,"column":54}}]},"10":{"line":198,"type":"if","locations":[{"start":{"line":198,"column":6},"end":{"line":198,"column":6}},{"start":{"line":198,"column":6},"end":{"line":198,"column":6}}]},"11":{"line":205,"type":"if","locations":[{"start":{"line":205,"column":6},"end":{"line":205,"column":6}},{"start":{"line":205,"column":6},"end":{"line":205,"column":6}}]},"12":{"line":205,"type":"binary-expr","locations":[{"start":{"line":205,"column":10},"end":{"line":205,"column":24}},{"start":{"line":205,"column":28},"end":{"line":205,"column":58}}]},"13":{"line":209,"type":"if","locations":[{"start":{"line":209,"column":6},"end":{"line":209,"column":6}},{"start":{"line":209,"column":6},"end":{"line":209,"column":6}}]},"14":{"line":213,"type":"if","locations":[{"start":{"line":213,"column":6},"end":{"line":213,"column":6}},{"start":{"line":213,"column":6},"end":{"line":213,"column":6}}]},"15":{"line":220,"type":"if","locations":[{"start":{"line":220,"column":6},"end":{"line":220,"column":6}},{"start":{"line":220,"column":6},"end":{"line":220,"column":6}}]},"16":{"line":220,"type":"binary-expr","locations":[{"start":{"line":220,"column":10},"end":{"line":220,"column":24}},{"start":{"line":220,"column":28},"end":{"line":220,"column":58}}]},"17":{"line":224,"type":"if","locations":[{"start":{"line":224,"column":6},"end":{"line":224,"column":6}},{"start":{"line":224,"column":6},"end":{"line":224,"column":6}}]},"18":{"line":224,"type":"binary-expr","locations":[{"start":{"line":224,"column":10},"end":{"line":224,"column":24}},{"start":{"line":224,"column":28},"end":{"line":224,"column":54}}]},"19":{"line":228,"type":"if","locations":[{"start":{"line":228,"column":6},"end":{"line":228,"column":6}},{"start":{"line":228,"column":6},"end":{"line":228,"column":6}}]},"20":{"line":231,"type":"if","locations":[{"start":{"line":231,"column":6},"end":{"line":231,"column":6}},{"start":{"line":231,"column":6},"end":{"line":231,"column":6}}]},"21":{"line":237,"type":"if","locations":[{"start":{"line":237,"column":6},"end":{"line":237,"column":6}},{"start":{"line":237,"column":6},"end":{"line":237,"column":6}}]}}}}