TN:
SF:/root/test/uriparser/src/UriShorten.c
FN:72,uriAppendSegmentA
FN:72,uriAppendSegmentW
FN:97,uriEqualsAuthorityA
FN:97,uriEqualsAuthorityW
FN:126,uriRemoveBaseUriImplW
FN:126,uriRemoveBaseUriImplA
FN:296,uriRemoveBaseUriA
FN:296,uriRemoveBaseUriW
FN:306,uriRemoveBaseUriMmW
FN:306,uriRemoveBaseUriMmA
FNDA:0,uriAppendSegmentW
FNDA:0,uriAppendSegmentA
FNDA:0,uriEqualsAuthorityW
FNDA:0,uriEqualsAuthorityA
FNDA:0,uriRemoveBaseUriImplW
FNDA:0,uriRemoveBaseUriImplA
FNDA:0,uriRemoveBaseUriW
FNDA:0,uriRemoveBaseUriA
FNDA:0,uriRemoveBaseUriMmW
FNDA:0,uriRemoveBaseUriMmA
FNF:10
FNH:0
DA:72,0
DA:76,0
DA:77,0
DA:78,0
DA:80,0
DA:81,0
DA:82,0
DA:85,0
DA:86,0
DA:88,0
DA:90,0
DA:92,0
DA:97,0
DA:100,0
DA:101,0
DA:102,0
DA:103,0
DA:107,0
DA:108,0
DA:109,0
DA:110,0
DA:114,0
DA:115,0
DA:116,0
DA:117,0
DA:120,0
DA:121,0
DA:126,0
DA:130,0
DA:131,0
DA:133,0
DA:135,0
DA:136,0
DA:140,0
DA:141,0
DA:145,0
DA:146,0
DA:150,0
DA:152,0
DA:154,0
DA:155,0
DA:158,0
DA:159,0
DA:166,0
DA:168,0
DA:169,0
DA:172,0
DA:173,0
DA:178,0
DA:190,0
DA:191,0
DA:193,0
DA:195,0
DA:196,0
DA:200,0
DA:201,0
DA:203,0
DA:207,0
DA:209,0
DA:210,0
DA:211,0
DA:212,0
DA:214,0
DA:216,0
DA:220,0
DA:222,0
DA:224,0
DA:226,0
DA:229,0
DA:233,0
DA:235,0
DA:237,0
DA:238,0
DA:239,0
DA:240,0
DA:241,0
DA:242,0
DA:246,0
DA:248,0
DA:250,0
DA:253,0
DA:255,0
DA:257,0
DA:264,0
DA:266,0
DA:269,0
DA:271,0
DA:287,0
DA:289,0
DA:291,0
DA:296,0
DA:300,0
DA:306,0
DA:312,0
DA:314,0
DA:316,0
DA:317,0
DA:319,0
LF:98
LH:0
end_of_record
TN:
SF:/root/test/uriparser/src/UriFile.c
FN:74,uriFilenameToUriStringA
FN:74,uriFilenameToUriStringW
FN:148,uriUriStringToFilenameW
FN:148,uriUriStringToFilenameA
FN:218,uriUnixFilenameToUriStringA
FN:218,uriUnixFilenameToUriStringW
FN:224,uriWindowsFilenameToUriStringA
FN:224,uriWindowsFilenameToUriStringW
FN:230,uriUriStringToUnixFilenameA
FN:230,uriUriStringToUnixFilenameW
FN:236,uriUriStringToWindowsFilenameA
FN:236,uriUriStringToWindowsFilenameW
FNDA:0,uriFilenameToUriStringW
FNDA:0,uriFilenameToUriStringA
FNDA:0,uriUriStringToFilenameW
FNDA:0,uriUriStringToFilenameA
FNDA:0,uriUnixFilenameToUriStringW
FNDA:0,uriUnixFilenameToUriStringA
FNDA:0,uriWindowsFilenameToUriStringW
FNDA:0,uriWindowsFilenameToUriStringA
FNDA:0,uriUriStringToUnixFilenameW
FNDA:0,uriUriStringToUnixFilenameA
FNDA:0,uriUriStringToWindowsFilenameW
FNDA:0,uriUriStringToWindowsFilenameA
FNF:12
FNH:0
DA:74,0
DA:76,0
DA:77,0
DA:78,0
DA:79,0
DA:83,0
DA:84,0
DA:87,0
DA:88,0
DA:89,0
DA:90,0
DA:91,0
DA:93,0
DA:94,0
DA:96,0
DA:99,0
DA:102,0
DA:103,0
DA:108,0
DA:109,0
DA:110,0
DA:112,0
DA:113,0
DA:115,0
DA:116,0
DA:117,0
DA:119,0
DA:123,0
DA:126,0
DA:127,0
DA:128,0
DA:129,0
DA:131,0
DA:132,0
DA:133,0
DA:134,0
DA:136,0
DA:137,0
DA:138,0
DA:140,0
DA:143,0
DA:148,0
DA:150,0
DA:151,0
DA:155,0
DA:156,0
DA:157,0
DA:158,0
DA:159,0
DA:160,0
DA:161,0
DA:162,0
DA:164,0
DA:170,0
DA:172,0
DA:173,0
DA:177,0
DA:181,0
DA:182,0
DA:184,0
DA:186,0
DA:187,0
DA:189,0
DA:191,0
DA:193,0
DA:194,0
DA:195,0
DA:198,0
DA:199,0
DA:203,0
DA:204,0
DA:205,0
DA:206,0
DA:207,0
DA:209,0
DA:213,0
DA:218,0
DA:219,0
DA:224,0
DA:225,0
DA:230,0
DA:231,0
DA:236,0
DA:237,0
LF:84
LH:0
end_of_record
TN:
SF:/root/test/uriparser/src/UriIp4.c
FN:94,uriParseIpFourAddressW
FN:94,uriParseIpFourAddressA
FN:153,uriParseDecOctetW
FN:153,uriParseDecOctetA
FN:193,uriParseDecOctetOneW
FN:193,uriParseDecOctetOneA
FN:233,uriParseDecOctetTwoA
FN:233,uriParseDecOctetTwoW
FN:270,uriParseDecOctetThreeW
FN:270,uriParseDecOctetThreeA
FN:306,uriParseDecOctetFourW
FN:306,uriParseDecOctetFourA
FNDA:0,uriParseIpFourAddressW
FNDA:80,uriParseIpFourAddressA
FNDA:0,uriParseDecOctetW
FNDA:170,uriParseDecOctetA
FNDA:0,uriParseDecOctetOneW
FNDA:10,uriParseDecOctetOneA
FNDA:0,uriParseDecOctetTwoW
FNDA:50,uriParseDecOctetTwoA
FNDA:0,uriParseDecOctetThreeW
FNDA:80,uriParseDecOctetThreeA
FNDA:0,uriParseDecOctetFourW
FNDA:40,uriParseDecOctetFourA
FNF:12
FNH:6
DA:94,80
DA:100,80
DA:101,80
DA:102,0
DA:106,80
DA:109,80
DA:110,80
DA:111,50
DA:113,30
DA:116,30
DA:117,30
DA:118,0
DA:120,30
DA:123,30
DA:124,30
DA:125,0
DA:127,30
DA:130,30
DA:131,30
DA:132,10
DA:134,20
DA:136,20
DA:153,170
DA:155,170
DA:156,0
DA:159,170
DA:160,0
DA:161,0
DA:162,0
DA:164,10
DA:165,10
DA:166,10
DA:168,50
DA:169,50
DA:170,50
DA:172,60
DA:179,60
DA:180,60
DA:182,50
DA:183,50
DA:193,10
DA:195,10
DA:196,0
DA:199,10
DA:200,10
DA:210,10
DA:211,10
DA:213,0
DA:214,0
DA:233,50
DA:235,50
DA:236,0
DA:239,50
DA:240,10
DA:245,10
DA:246,10
DA:248,40
DA:249,40
DA:250,40
DA:252,0
DA:256,0
DA:257,0
DA:259,0
DA:260,0
DA:270,80
DA:272,80
DA:273,10
DA:276,70
DA:277,40
DA:287,40
DA:288,40
DA:290,30
DA:291,30
DA:306,40
DA:308,40
DA:309,0
DA:312,40
DA:313,40
DA:319,40
DA:320,40
DA:322,0
DA:323,0
LF:82
LH:63
end_of_record
TN:
SF:/root/test/uriparser/src/UriNormalize.c
FN:115,uriPreventLeakageW
FN:115,uriPreventLeakageA
FN:178,uriContainsUppercaseLettersA
FN:178,uriContainsUppercaseLettersW
FN:194,uriContainsUglyPercentEncodingW
FN:194,uriContainsUglyPercentEncodingA
FN:223,uriLowercaseInplaceA
FN:223,uriLowercaseInplaceW
FN:238,uriLowercaseMallocA
FN:238,uriLowercaseMallocW
FN:278,uriFixPercentEncodingEngineA
FN:278,uriFixPercentEncodingEngineW
FN:325,uriFixPercentEncodingInplaceW
FN:325,uriFixPercentEncodingInplaceA
FN:338,uriFixPercentEncodingMallocA
FN:338,uriFixPercentEncodingMallocW
FN:371,uriMakeRangeOwnerW
FN:371,uriMakeRangeOwnerA
FN:394,uriMakeOwnerEngineA
FN:394,uriMakeOwnerEngineW
FN:477,uriNormalizeSyntaxMaskRequiredW
FN:477,uriNormalizeSyntaxMaskRequiredA
FN:485,uriNormalizeSyntaxMaskRequiredExA
FN:485,uriNormalizeSyntaxMaskRequiredExW
FN:512,uriNormalizeSyntaxExA
FN:512,uriNormalizeSyntaxExW
FN:518,uriNormalizeSyntaxExMmW
FN:518,uriNormalizeSyntaxExMmA
FN:526,uriNormalizeSyntaxW
FN:526,uriNormalizeSyntaxA
FN:532,uriNormalizeSyntaxEngineW
FN:532,uriNormalizeSyntaxEngineA
FN:771,uriMakeOwnerMmW
FN:771,uriMakeOwnerMmA
FN:796,uriMakeOwnerA
FN:796,uriMakeOwnerW
FNDA:0,uriPreventLeakageW
FNDA:0,uriPreventLeakageA
FNDA:0,uriContainsUppercaseLettersW
FNDA:0,uriContainsUppercaseLettersA
FNDA:0,uriContainsUglyPercentEncodingW
FNDA:0,uriContainsUglyPercentEncodingA
FNDA:0,uriLowercaseInplaceW
FNDA:0,uriLowercaseInplaceA
FNDA:0,uriLowercaseMallocW
FNDA:0,uriLowercaseMallocA
FNDA:0,uriFixPercentEncodingEngineW
FNDA:0,uriFixPercentEncodingEngineA
FNDA:0,uriFixPercentEncodingInplaceW
FNDA:0,uriFixPercentEncodingInplaceA
FNDA:0,uriFixPercentEncodingMallocW
FNDA:0,uriFixPercentEncodingMallocA
FNDA:0,uriMakeRangeOwnerW
FNDA:0,uriMakeRangeOwnerA
FNDA:0,uriMakeOwnerEngineW
FNDA:0,uriMakeOwnerEngineA
FNDA:0,uriNormalizeSyntaxMaskRequiredW
FNDA:0,uriNormalizeSyntaxMaskRequiredA
FNDA:0,uriNormalizeSyntaxMaskRequiredExW
FNDA:0,uriNormalizeSyntaxMaskRequiredExA
FNDA:0,uriNormalizeSyntaxExW
FNDA:0,uriNormalizeSyntaxExA
FNDA:0,uriNormalizeSyntaxExMmW
FNDA:0,uriNormalizeSyntaxExMmA
FNDA:0,uriNormalizeSyntaxW
FNDA:0,uriNormalizeSyntaxA
FNDA:0,uriNormalizeSyntaxEngineW
FNDA:0,uriNormalizeSyntaxEngineA
FNDA:0,uriMakeOwnerMmW
FNDA:0,uriMakeOwnerMmA
FNDA:0,uriMakeOwnerW
FNDA:0,uriMakeOwnerA
FNF:36
FNH:0
DA:115,0
DA:117,0
DA:118,0
DA:119,0
DA:120,0
DA:123,0
DA:124,0
DA:125,0
DA:126,0
DA:129,0
DA:130,0
DA:132,0
DA:133,0
DA:134,0
DA:135,0
DA:136,0
DA:137,0
DA:138,0
DA:139,0
DA:141,0
DA:142,0
DA:143,0
DA:149,0
DA:150,0
DA:151,0
DA:152,0
DA:153,0
DA:154,0
DA:156,0
DA:157,0
DA:159,0
DA:160,0
DA:163,0
DA:164,0
DA:165,0
DA:166,0
DA:169,0
DA:170,0
DA:171,0
DA:172,0
DA:174,0
DA:178,0
DA:180,0
DA:181,0
DA:182,0
DA:184,0
DA:185,0
DA:189,0
DA:194,0
DA:196,0
DA:197,0
DA:198,0
DA:199,0
DA:202,0
DA:203,0
DA:204,0
DA:208,0
DA:209,0
DA:210,0
DA:211,0
DA:212,0
DA:218,0
DA:223,0
DA:225,0
DA:226,0
DA:227,0
DA:228,0
DA:229,0
DA:230,0
DA:234,0
DA:238,0
DA:241,0
DA:243,0
DA:245,0
DA:246,0
DA:247,0
DA:250,0
DA:251,0
DA:252,0
DA:253,0
DA:254,0
DA:257,0
DA:258,0
DA:259,0
DA:262,0
DA:263,0
DA:264,0
DA:266,0
DA:270,0
DA:271,0
DA:272,0
DA:278,0
DA:281,0
DA:282,0
DA:283,0
DA:286,0
DA:287,0
DA:288,0
DA:289,0
DA:293,0
DA:294,0
DA:295,0
DA:296,0
DA:297,0
DA:298,0
DA:299,0
DA:300,0
DA:304,0
DA:305,0
DA:306,0
DA:307,0
DA:310,0
DA:315,0
DA:316,0
DA:317,0
DA:320,0
DA:321,0
DA:325,0
DA:328,0
DA:329,0
DA:333,0
DA:338,0
DA:344,0
DA:345,0
DA:346,0
DA:350,0
DA:351,0
DA:352,0
DA:353,0
DA:354,0
DA:358,0
DA:359,0
DA:360,0
DA:364,0
DA:365,0
DA:366,0
DA:371,0
DA:374,0
DA:375,0
DA:376,0
DA:377,0
DA:378,0
DA:379,0
DA:380,0
DA:381,0
DA:382,0
DA:384,0
DA:385,0
DA:386,0
DA:387,0
DA:389,0
DA:394,0
DA:396,0
DA:397,0
DA:399,0
DA:401,0
DA:403,0
DA:405,0
DA:409,0
DA:410,0
DA:411,0
DA:412,0
DA:414,0
DA:416,0
DA:418,0
DA:419,0
DA:420,0
DA:422,0
DA:424,0
DA:431,0
DA:432,0
DA:433,0
DA:437,0
DA:438,0
DA:439,0
DA:440,0
DA:441,0
DA:442,0
DA:443,0
DA:445,0
DA:446,0
DA:450,0
DA:451,0
DA:452,0
DA:453,0
DA:456,0
DA:457,0
DA:458,0
DA:460,0
DA:462,0
DA:468,0
DA:469,0
DA:472,0
DA:477,0
DA:478,0
DA:479,0
DA:480,0
DA:485,0
DA:487,0
DA:495,0
DA:496,0
DA:502,0
DA:503,0
DA:507,0
DA:512,0
DA:513,0
DA:518,0
DA:520,0
DA:521,0
DA:526,0
DA:527,0
DA:532,0
DA:535,0
DA:538,0
DA:539,0
DA:542,0
DA:543,0
DA:544,0
DA:545,0
DA:547,0
DA:551,0
DA:553,0
DA:554,0
DA:556,0
DA:560,0
DA:561,0
DA:563,0
DA:565,0
DA:566,0
DA:569,0
DA:570,0
DA:572,0
DA:574,0
DA:575,0
DA:580,0
DA:581,0
DA:582,0
DA:584,0
DA:585,0
DA:586,0
DA:588,0
DA:593,0
DA:594,0
DA:596,0
DA:597,0
DA:600,0
DA:602,0
DA:603,0
DA:605,0
DA:607,0
DA:608,0
DA:609,0
DA:610,0
DA:611,0
DA:613,0
DA:614,0
DA:617,0
DA:621,0
DA:622,0
DA:624,0
DA:627,0
DA:634,0
DA:635,0
DA:637,0
DA:638,0
DA:641,0
DA:642,0
DA:643,0
DA:645,0
DA:647,0
DA:648,0
DA:650,0
DA:656,0
DA:657,0
DA:658,0
DA:659,0
DA:660,0
DA:661,0
DA:662,0
DA:663,0
DA:664,0
DA:665,0
DA:666,0
DA:667,0
DA:668,0
DA:669,0
DA:670,0
DA:671,0
DA:672,0
DA:674,0
DA:675,0
DA:677,0
DA:679,0
DA:681,0
DA:682,0
DA:685,0
DA:686,0
DA:687,0
DA:688,0
DA:689,0
DA:692,0
DA:693,0
DA:695,0
DA:696,0
DA:698,0
DA:700,0
DA:704,0
DA:705,0
DA:706,0
DA:708,0
DA:709,0
DA:711,0
DA:715,0
DA:716,0
DA:718,0
DA:720,0
DA:721,0
DA:724,0
DA:725,0
DA:729,0
DA:730,0
DA:731,0
DA:733,0
DA:735,0
DA:736,0
DA:738,0
DA:743,0
DA:744,0
DA:745,0
DA:747,0
DA:749,0
DA:750,0
DA:752,0
DA:758,0
DA:759,0
DA:760,0
DA:761,0
DA:763,0
DA:766,0
DA:771,0
DA:772,0
DA:774,0
DA:776,0
DA:777,0
DA:780,0
DA:781,0
DA:784,0
DA:785,0
DA:786,0
DA:789,0
DA:791,0
DA:796,0
DA:797,0
LF:353
LH:0
end_of_record
TN:
SF:/root/test/uriparser/src/UriQuery.c
FN:89,uriComposeQueryCharsRequiredW
FN:89,uriComposeQueryCharsRequiredA
FN:100,uriComposeQueryCharsRequiredExW
FN:100,uriComposeQueryCharsRequiredExA
FN:112,uriComposeQueryA
FN:112,uriComposeQueryW
FN:123,uriComposeQueryExW
FN:123,uriComposeQueryExA
FN:140,uriComposeQueryMallocW
FN:140,uriComposeQueryMallocA
FN:151,uriComposeQueryMallocExA
FN:151,uriComposeQueryMallocExW
FN:160,uriComposeQueryMallocExMmW
FN:160,uriComposeQueryMallocExMmA
FN:202,uriComposeQueryEngineW
FN:202,uriComposeQueryEngineA
FN:285,uriAppendQueryItemA
FN:285,uriAppendQueryItemW
FN:360,uriFreeQueryListA
FN:360,uriFreeQueryListW
FN:366,uriFreeQueryListMmA
FN:366,uriFreeQueryListMmW
FN:381,uriDissectQueryMallocW
FN:381,uriDissectQueryMallocA
FN:392,uriDissectQueryMallocExW
FN:392,uriDissectQueryMallocExA
FN:401,uriDissectQueryMallocExMmA
FN:401,uriDissectQueryMallocExMmW
FNDA:0,uriComposeQueryCharsRequiredW
FNDA:0,uriComposeQueryCharsRequiredA
FNDA:0,uriComposeQueryCharsRequiredExW
FNDA:0,uriComposeQueryCharsRequiredExA
FNDA:0,uriComposeQueryW
FNDA:0,uriComposeQueryA
FNDA:0,uriComposeQueryExW
FNDA:0,uriComposeQueryExA
FNDA:0,uriComposeQueryMallocW
FNDA:0,uriComposeQueryMallocA
FNDA:0,uriComposeQueryMallocExW
FNDA:0,uriComposeQueryMallocExA
FNDA:0,uriComposeQueryMallocExMmW
FNDA:0,uriComposeQueryMallocExMmA
FNDA:0,uriComposeQueryEngineW
FNDA:0,uriComposeQueryEngineA
FNDA:0,uriAppendQueryItemW
FNDA:0,uriAppendQueryItemA
FNDA:0,uriFreeQueryListW
FNDA:0,uriFreeQueryListA
FNDA:0,uriFreeQueryListMmW
FNDA:0,uriFreeQueryListMmA
FNDA:0,uriDissectQueryMallocW
FNDA:0,uriDissectQueryMallocA
FNDA:0,uriDissectQueryMallocExW
FNDA:0,uriDissectQueryMallocExA
FNDA:0,uriDissectQueryMallocExMmW
FNDA:0,uriDissectQueryMallocExMmA
FNF:28
FNH:0
DA:89,0
DA:91,0
DA:92,0
DA:94,0
DA:100,0
DA:102,0
DA:103,0
DA:106,0
DA:112,0
DA:114,0
DA:115,0
DA:117,0
DA:123,0
DA:126,0
DA:127,0
DA:130,0
DA:131,0
DA:134,0
DA:140,0
DA:142,0
DA:143,0
DA:145,0
DA:151,0
DA:154,0
DA:160,0
DA:168,0
DA:169,0
DA:172,0
DA:175,0
DA:177,0
DA:178,0
DA:180,0
DA:183,0
DA:184,0
DA:185,0
DA:189,0
DA:191,0
DA:192,0
DA:193,0
DA:196,0
DA:197,0
DA:202,0
DA:206,0
DA:207,0
DA:208,0
DA:211,0
DA:212,0
DA:214,0
DA:217,0
DA:218,0
DA:219,0
DA:220,0
DA:221,0
DA:223,0
DA:226,0
DA:227,0
DA:229,0
DA:230,0
DA:232,0
DA:233,0
DA:235,0
DA:237,0
DA:238,0
DA:239,0
DA:242,0
DA:243,0
DA:247,0
DA:248,0
DA:249,0
DA:251,0
DA:252,0
DA:254,0
DA:257,0
DA:258,0
DA:259,0
DA:263,0
DA:264,0
DA:265,0
DA:270,0
DA:273,0
DA:274,0
DA:275,0
DA:276,0
DA:280,0
DA:285,0
DA:290,0
DA:291,0
DA:295,0
DA:296,0
DA:297,0
DA:298,0
DA:299,0
DA:300,0
DA:304,0
DA:305,0
DA:306,0
DA:308,0
DA:312,0
DA:313,0
DA:314,0
DA:315,0
DA:316,0
DA:319,0
DA:320,0
DA:322,0
DA:325,0
DA:327,0
DA:331,0
DA:332,0
DA:333,0
DA:334,0
DA:335,0
DA:336,0
DA:337,0
DA:340,0
DA:341,0
DA:343,0
DA:346,0
DA:348,0
DA:350,0
DA:352,0
DA:354,0
DA:355,0
DA:360,0
DA:361,0
DA:362,0
DA:366,0
DA:368,0
DA:369,0
DA:370,0
DA:371,0
DA:372,0
DA:373,0
DA:374,0
DA:376,0
DA:381,0
DA:383,0
DA:384,0
DA:386,0
DA:392,0
DA:395,0
DA:401,0
DA:405,0
DA:406,0
DA:407,0
DA:408,0
DA:409,0
DA:410,0
DA:412,0
DA:414,0
DA:415,0
DA:418,0
DA:419,0
DA:422,0
DA:424,0
DA:425,0
DA:428,0
DA:429,0
DA:430,0
DA:431,0
DA:432,0
DA:434,0
DA:437,0
DA:442,0
DA:443,0
DA:444,0
DA:448,0
DA:449,0
DA:452,0
DA:453,0
DA:455,0
DA:457,0
DA:458,0
DA:459,0
DA:460,0
DA:462,0
DA:465,0
DA:466,0
DA:467,0
DA:468,0
DA:469,0
DA:472,0
DA:474,0
DA:475,0
DA:479,0
DA:481,0
DA:484,0
DA:487,0
DA:491,0
DA:492,0
DA:493,0
DA:496,0
LF:192
LH:0
end_of_record
TN:
SF:/root/test/uriparser/src/UriEscape.c
FN:71,uriEscapeA
FN:71,uriEscapeW
FN:78,uriEscapeExA
FN:78,uriEscapeExW
FN:247,uriUnescapeInPlaceW
FN:247,uriUnescapeInPlaceA
FN:253,uriUnescapeInPlaceExW
FN:253,uriUnescapeInPlaceExA
FNDA:0,uriEscapeW
FNDA:0,uriEscapeA
FNDA:0,uriEscapeExW
FNDA:0,uriEscapeExA
FNDA:0,uriUnescapeInPlaceW
FNDA:0,uriUnescapeInPlaceA
FNDA:0,uriUnescapeInPlaceExW
FNDA:0,uriUnescapeInPlaceExA
FNF:8
FNH:0
DA:71,0
DA:73,0
DA:78,0
DA:81,0
DA:82,0
DA:83,0
DA:84,0
DA:85,0
DA:86,0
DA:87,0
DA:88,0
DA:90,0
DA:94,0
DA:95,0
DA:96,0
DA:99,0
DA:100,0
DA:101,0
DA:102,0
DA:104,0
DA:105,0
DA:106,0
DA:107,0
DA:109,0
DA:110,0
DA:111,0
DA:112,0
DA:114,0
DA:115,0
DA:117,0
DA:184,0
DA:185,0
DA:187,0
DA:188,0
DA:190,0
DA:191,0
DA:192,0
DA:193,0
DA:194,0
DA:195,0
DA:196,0
DA:197,0
DA:198,0
DA:199,0
DA:202,0
DA:203,0
DA:204,0
DA:205,0
DA:207,0
DA:208,0
DA:210,0
DA:211,0
DA:212,0
DA:213,0
DA:214,0
DA:215,0
DA:216,0
DA:217,0
DA:218,0
DA:220,0
DA:221,0
DA:222,0
DA:223,0
DA:225,0
DA:226,0
DA:228,0
DA:231,0
DA:232,0
DA:233,0
DA:234,0
DA:235,0
DA:237,0
DA:238,0
DA:241,0
DA:247,0
DA:248,0
DA:253,0
DA:255,0
DA:256,0
DA:257,0
DA:259,0
DA:260,0
DA:264,0
DA:265,0
DA:266,0
DA:267,0
DA:269,0
DA:271,0
DA:272,0
DA:273,0
DA:295,0
DA:296,0
DA:320,0
DA:321,0
DA:322,0
DA:323,0
DA:324,0
DA:325,0
DA:326,0
DA:327,0
DA:328,0
DA:329,0
DA:331,0
DA:333,0
DA:334,0
DA:335,0
DA:336,0
DA:337,0
DA:339,0
DA:341,0
DA:342,0
DA:343,0
DA:344,0
DA:346,0
DA:348,0
DA:350,0
DA:351,0
DA:354,0
DA:355,0
DA:357,0
DA:358,0
DA:359,0
DA:360,0
DA:361,0
DA:362,0
DA:364,0
DA:365,0
DA:366,0
DA:367,0
DA:368,0
DA:370,0
DA:371,0
DA:372,0
DA:373,0
DA:375,0
DA:377,0
DA:378,0
DA:381,0
DA:382,0
DA:384,0
DA:385,0
DA:386,0
DA:388,0
DA:391,0
DA:393,0
DA:395,0
DA:398,0
DA:399,0
DA:400,0
DA:402,0
DA:403,0
DA:405,0
DA:407,0
DA:409,0
DA:412,0
DA:413,0
DA:415,0
DA:416,0
DA:418,0
DA:420,0
DA:422,0
DA:423,0
DA:425,0
DA:428,0
DA:429,0
DA:432,0
DA:433,0
DA:435,0
DA:436,0
DA:438,0
DA:440,0
DA:441,0
DA:443,0
DA:444,0
DA:446,0
LF:175
LH:0
end_of_record
TN:
SF:/root/test/uriparser/src/UriRecompose.c
FN:76,uriToStringCharsRequiredW
FN:76,uriToStringCharsRequiredA
FN:84,uriToStringA
FN:84,uriToStringW
FN:91,uriToStringEngineA
FN:91,uriToStringEngineW
FNDA:0,uriToStringCharsRequiredW
FNDA:0,uriToStringCharsRequiredA
FNDA:0,uriToStringW
FNDA:0,uriToStringA
FNDA:0,uriToStringEngineW
FNDA:0,uriToStringEngineA
FNF:6
FNH:0
DA:76,0
DA:78,0
DA:79,0
DA:84,0
DA:86,0
DA:91,0
DA:94,0
DA:95,0
DA:96,0
DA:97,0
DA:99,0
DA:102,0
DA:103,0
DA:104,0
DA:106,0
DA:108,0
DA:111,0
DA:112,0
DA:114,0
DA:117,0
DA:119,0
DA:120,0
DA:121,0
DA:122,0
DA:123,0
DA:125,0
DA:127,0
DA:128,0
DA:129,0
DA:131,0
DA:134,0
DA:137,0
DA:138,0
DA:139,0
DA:141,0
DA:143,0
DA:144,0
DA:145,0
DA:147,0
DA:150,0
DA:155,0
DA:157,0
DA:158,0
DA:159,0
DA:161,0
DA:163,0
DA:164,0
DA:165,0
DA:167,0
DA:170,0
DA:174,0
DA:175,0
DA:176,0
DA:177,0
DA:178,0
DA:180,0
DA:182,0
DA:183,0
DA:184,0
DA:186,0
DA:189,0
DA:190,0
DA:192,0
DA:194,0
DA:195,0
DA:196,0
DA:198,0
DA:201,0
DA:206,0
DA:208,0
DA:209,0
DA:210,0
DA:211,0
DA:212,0
DA:213,0
DA:215,0
DA:216,0
DA:217,0
DA:218,0
DA:219,0
DA:220,0
DA:221,0
DA:223,0
DA:225,0
DA:226,0
DA:227,0
DA:229,0
DA:230,0
DA:231,0
DA:233,0
DA:235,0
DA:236,0
DA:237,0
DA:239,0
DA:241,0
DA:242,0
DA:243,0
DA:245,0
DA:249,0
DA:252,0
DA:254,0
DA:255,0
DA:256,0
DA:257,0
DA:259,0
DA:261,0
DA:262,0
DA:263,0
DA:265,0
DA:268,0
DA:271,0
DA:272,0
DA:273,0
DA:274,0
DA:276,0
DA:277,0
DA:278,0
DA:279,0
DA:280,0
DA:282,0
DA:283,0
DA:284,0
DA:286,0
DA:289,0
DA:291,0
DA:292,0
DA:293,0
DA:294,0
DA:296,0
DA:298,0
DA:299,0
DA:300,0
DA:302,0
DA:305,0
DA:310,0
DA:311,0
DA:312,0
DA:314,0
DA:316,0
DA:317,0
DA:318,0
DA:320,0
DA:323,0
DA:325,0
DA:327,0
DA:328,0
DA:329,0
DA:330,0
DA:331,0
DA:333,0
DA:335,0
DA:336,0
DA:337,0
DA:339,0
DA:342,0
DA:343,0
DA:344,0
DA:346,0
DA:347,0
DA:348,0
DA:350,0
DA:353,0
DA:354,0
DA:356,0
DA:358,0
DA:359,0
DA:360,0
DA:362,0
DA:365,0
DA:367,0
DA:369,0
DA:370,0
DA:371,0
DA:372,0
DA:374,0
DA:376,0
DA:377,0
DA:378,0
DA:380,0
DA:383,0
DA:388,0
DA:389,0
DA:390,0
DA:392,0
DA:393,0
DA:395,0
DA:397,0
DA:398,0
DA:399,0
DA:401,0
DA:405,0
DA:406,0
DA:408,0
DA:410,0
DA:411,0
DA:412,0
DA:414,0
DA:417,0
DA:424,0
DA:425,0
DA:426,0
DA:427,0
DA:428,0
DA:430,0
DA:432,0
DA:433,0
DA:434,0
DA:436,0
DA:439,0
DA:443,0
DA:444,0
DA:446,0
DA:447,0
DA:448,0
DA:449,0
DA:451,0
DA:453,0
DA:454,0
DA:455,0
DA:457,0
DA:460,0
DA:464,0
DA:465,0
DA:466,0
DA:467,0
DA:469,0
DA:471,0
DA:472,0
DA:473,0
DA:475,0
DA:478,0
DA:482,0
DA:483,0
DA:486,0
DA:488,0
DA:489,0
DA:490,0
DA:492,0
DA:494,0
DA:495,0
DA:496,0
DA:498,0
DA:501,0
DA:505,0
DA:506,0
DA:507,0
DA:508,0
DA:509,0
DA:511,0
DA:513,0
DA:514,0
DA:515,0
DA:517,0
DA:520,0
DA:526,0
DA:528,0
DA:529,0
DA:530,0
DA:532,0
DA:534,0
DA:535,0
DA:536,0
DA:538,0
DA:541,0
DA:545,0
DA:546,0
DA:547,0
DA:548,0
DA:549,0
DA:551,0
DA:553,0
DA:554,0
DA:555,0
DA:557,0
DA:560,0
DA:566,0
DA:567,0
DA:568,0
DA:569,0
DA:572,0
LF:280
LH:0
end_of_record
TN:
SF:/root/test/uriparser/src/UriCommon.c
FN:77,uriResetUriW
FN:77,uriResetUriA
FN:87,uriCompareRangeW
FN:87,uriCompareRangeA
FN:123,uriRemoveDotSegmentsA
FN:123,uriRemoveDotSegmentsW
FN:133,uriRemoveDotSegmentsExW
FN:133,uriRemoveDotSegmentsExA
FN:344,uriRemoveDotSegmentsAbsoluteW
FN:344,uriRemoveDotSegmentsAbsoluteA
FN:352,uriHexdigToIntA
FN:352,uriHexdigToIntW
FN:389,uriHexToLetterW
FN:389,uriHexToLetterA
FN:397,uriHexToLetterExW
FN:397,uriHexToLetterExA
FN:422,uriIsHostSetW
FN:422,uriIsHostSetA
FN:434,uriCopyPathW
FN:434,uriCopyPathA
FN:477,uriCopyAuthorityW
FN:477,uriCopyAuthorityA
FN:521,uriFixAmbiguityA
FN:521,uriFixAmbiguityW
FN:556,uriFixEmptyTrailSegmentW
FN:556,uriFixEmptyTrailSegmentA
FNDA:0,uriResetUriW
FNDA:150,uriResetUriA
FNDA:0,uriCompareRangeW
FNDA:0,uriCompareRangeA
FNDA:0,uriRemoveDotSegmentsW
FNDA:0,uriRemoveDotSegmentsA
FNDA:0,uriRemoveDotSegmentsExW
FNDA:0,uriRemoveDotSegmentsExA
FNDA:0,uriRemoveDotSegmentsAbsoluteW
FNDA:0,uriRemoveDotSegmentsAbsoluteA
FNDA:0,uriHexdigToIntW
FNDA:0,uriHexdigToIntA
FNDA:0,uriHexToLetterW
FNDA:0,uriHexToLetterA
FNDA:0,uriHexToLetterExW
FNDA:0,uriHexToLetterExA
FNDA:0,uriIsHostSetW
FNDA:120,uriIsHostSetA
FNDA:0,uriCopyPathW
FNDA:0,uriCopyPathA
FNDA:0,uriCopyAuthorityW
FNDA:0,uriCopyAuthorityA
FNDA:0,uriFixAmbiguityW
FNDA:0,uriFixAmbiguityA
FNDA:0,uriFixEmptyTrailSegmentW
FNDA:120,uriFixEmptyTrailSegmentA
FNF:26
FNH:3
DA:77,150
DA:78,150
DA:79,0
DA:81,150
DA:87,0
DA:93,0
DA:94,0
DA:98,0
DA:99,0
DA:102,0
DA:103,0
DA:104,0
DA:105,0
DA:106,0
DA:109,0
DA:111,0
DA:112,0
DA:113,0
DA:114,0
DA:117,0
DA:123,0
DA:125,0
DA:126,0
DA:128,0
DA:133,0
DA:136,0
DA:137,0
DA:140,0
DA:141,0
DA:143,0
DA:144,0
DA:145,0
DA:146,0
DA:147,0
DA:149,0
DA:150,0
DA:153,0
DA:154,0
DA:155,0
DA:156,0
DA:157,0
DA:158,0
DA:159,0
DA:164,0
DA:166,0
DA:168,0
DA:170,0
DA:172,0
DA:175,0
DA:178,0
DA:179,0
DA:181,0
DA:184,0
DA:185,0
DA:188,0
DA:190,0
DA:192,0
DA:193,0
DA:195,0
DA:197,0
DA:198,0
DA:202,0
DA:203,0
DA:207,0
DA:210,0
DA:212,0
DA:213,0
DA:214,0
DA:216,0
DA:218,0
DA:220,0
DA:221,0
DA:222,0
DA:223,0
DA:224,0
DA:225,0
DA:226,0
DA:227,0
DA:228,0
DA:232,0
DA:233,0
DA:235,0
DA:236,0
DA:238,0
DA:239,0
DA:240,0
DA:243,0
DA:244,0
DA:245,0
DA:246,0
DA:248,0
DA:250,0
DA:251,0
DA:253,0
DA:255,0
DA:257,0
DA:258,0
DA:259,0
DA:260,0
DA:263,0
DA:264,0
DA:266,0
DA:268,0
DA:269,0
DA:271,0
DA:273,0
DA:276,0
DA:277,0
DA:278,0
DA:280,0
DA:281,0
DA:283,0
DA:286,0
DA:287,0
DA:288,0
DA:290,0
DA:291,0
DA:292,0
DA:293,0
DA:296,0
DA:297,0
DA:299,0
DA:301,0
DA:304,0
DA:306,0
DA:307,0
DA:308,0
DA:311,0
DA:314,0
DA:315,0
DA:317,0
DA:319,0
DA:323,0
DA:327,0
DA:328,0
DA:329,0
DA:332,0
DA:334,0
DA:336,0
DA:338,0
DA:344,0
DA:346,0
DA:347,0
DA:352,0
DA:353,0
DA:354,0
DA:364,0
DA:366,0
DA:372,0
DA:374,0
DA:380,0
DA:382,0
DA:383,0
DA:389,0
DA:392,0
DA:397,0
DA:398,0
DA:399,0
DA:400,0
DA:401,0
DA:402,0
DA:403,0
DA:404,0
DA:405,0
DA:406,0
DA:407,0
DA:408,0
DA:410,0
DA:411,0
DA:412,0
DA:413,0
DA:414,0
DA:415,0
DA:422,120
DA:424,240
DA:425,0
DA:426,0
DA:427,0
DA:434,0
DA:436,0
DA:438,0
DA:439,0
DA:442,0
DA:443,0
DA:445,0
DA:446,0
DA:448,0
DA:449,0
DA:451,0
DA:456,0
DA:457,0
DA:459,0
DA:461,0
DA:463,0
DA:464,0
DA:465,0
DA:466,0
DA:467,0
DA:470,0
DA:471,0
DA:477,0
DA:483,0
DA:486,0
DA:489,0
DA:490,0
DA:491,0
DA:492,0
DA:494,0
DA:495,0
DA:496,0
DA:497,0
DA:498,0
DA:499,0
DA:500,0
DA:501,0
DA:502,0
DA:504,0
DA:505,0
DA:506,0
DA:508,0
DA:509,0
DA:510,0
DA:514,0
DA:516,0
DA:521,0
DA:525,0
DA:526,0
DA:527,0
DA:528,0
DA:531,0
DA:532,0
DA:533,0
DA:534,0
DA:535,0
DA:538,0
DA:541,0
DA:542,0
DA:543,0
DA:547,0
DA:548,0
DA:549,0
DA:550,0
DA:551,0
DA:556,120
DA:559,120
DA:560,120
DA:561,0
DA:562,0
DA:563,0
DA:564,0
DA:565,0
DA:566,0
DA:568,120
LF:253
LH:9
end_of_record
TN:
SF:/root/test/uriparser/src/UriParse.c
FN:212,uriStopSyntaxW
FN:212,uriStopSyntaxA
FN:221,uriStopMallocA
FN:221,uriStopMallocW
FN:234,uriParseAuthorityW
FN:234,uriParseAuthorityA
FN:293,uriParseAuthorityTwoW
FN:293,uriParseAuthorityTwoA
FN:321,uriParseHexZeroA
FN:321,uriParseHexZeroW
FN:342,uriParseHierPartW
FN:342,uriParseHierPartA
FN:387,uriParseIpFutLoopA
FN:387,uriParseIpFutLoopW
FN:428,uriParseIpFutStopGoW
FN:428,uriParseIpFutStopGoA
FN:467,uriParseIpFutureW
FN:467,uriParseIpFutureA
FN:534,uriParseIpLit2A
FN:534,uriParseIpLit2W
FN:582,uriParseIPv6address2W
FN:582,uriParseIPv6address2A
FN:894,uriParseMustBeSegmentNzNcA
FN:894,uriParseMustBeSegmentNzNcW
FN:978,uriParseOwnHostA
FN:978,uriParseOwnHostW
FN:1005,uriOnExitOwnHost2W
FN:1005,uriOnExitOwnHost2A
FN:1030,uriParseOwnHost2W
FN:1030,uriParseOwnHost2A
FN:1080,uriOnExitOwnHostUserInfoW
FN:1080,uriOnExitOwnHostUserInfoA
FN:1107,uriParseOwnHostUserInfoA
FN:1107,uriParseOwnHostUserInfoW
FN:1157,uriParseOwnHostUserInfoNzW
FN:1157,uriParseOwnHostUserInfoNzA
FN:1211,uriOnExitOwnPortUserInfoW
FN:1211,uriOnExitOwnPortUserInfoA
FN:1247,uriParseOwnPortUserInfoA
FN:1247,uriParseOwnPortUserInfoW
FN:1321,uriParseOwnUserInfoA
FN:1321,uriParseOwnUserInfoW
FN:1374,uriOnExitPartHelperTwoW
FN:1374,uriOnExitPartHelperTwoA
FN:1384,uriParsePartHelperTwoW
FN:1384,uriParsePartHelperTwoA
FN:1420,uriParsePathAbsEmptyA
FN:1420,uriParsePathAbsEmptyW
FN:1453,uriParsePathAbsNoLeadSlashA
FN:1453,uriParsePathAbsNoLeadSlashW
FN:1504,uriParsePathRootlessA
FN:1504,uriParsePathRootlessW
FN:1529,uriParsePcharA
FN:1529,uriParsePcharW
FN:1573,uriParsePctEncodedA
FN:1573,uriParsePctEncodedW
FN:1630,uriParsePctSubUnresA
FN:1630,uriParsePctSubUnresW
FN:1674,uriParsePortW
FN:1674,uriParsePortA
FN:1696,uriParseQueryFragA
FN:1696,uriParseQueryFragW
FN:1748,uriParseSegmentA
FN:1748,uriParseSegmentW
FN:1795,uriParseSegmentNzA
FN:1795,uriParseSegmentNzW
FN:1809,uriOnExitSegmentNzNcOrScheme2W
FN:1809,uriOnExitSegmentNzNcOrScheme2A
FN:1845,uriParseSegmentNzNcOrScheme2A
FN:1845,uriParseSegmentNzNcOrScheme2W
FN:1949,uriParseUriReferenceW
FN:1949,uriParseUriReferenceA
FN:2014,uriParseUriTailW
FN:2014,uriParseUriTailA
FN:2057,uriParseUriTailTwoA
FN:2057,uriParseUriTailTwoW
FN:2088,uriParseZeroMoreSlashSegsW
FN:2088,uriParseZeroMoreSlashSegsA
FN:2117,uriResetParserStateExceptUriW
FN:2117,uriResetParserStateExceptUriA
FN:2125,uriPushPathSegmentA
FN:2125,uriPushPathSegmentW
FN:2156,uriParseUriExW
FN:2156,uriParseUriExA
FN:2163,uriParseUriExMmA
FN:2163,uriParseUriExMmW
FN:2203,uriParseUriW
FN:2203,uriParseUriA
FN:2212,uriParseSingleUriA
FN:2212,uriParseSingleUriW
FN:2219,uriParseSingleUriExA
FN:2219,uriParseSingleUriExW
FN:2230,uriParseSingleUriExMmW
FN:2230,uriParseSingleUriExMmA
FN:2258,uriFreeUriMembersW
FN:2258,uriFreeUriMembersA
FN:2264,uriFreeUriMembersMmA
FN:2264,uriFreeUriMembersMmW
FN:2376,uri_TESTING_ONLY_ParseIpSixA
FN:2376,uri_TESTING_ONLY_ParseIpSixW
FN:2394,uri_TESTING_ONLY_ParseIpFourW
FN:2394,uri_TESTING_ONLY_ParseIpFourA
FNDA:0,uriStopSyntaxW
FNDA:150,uriStopSyntaxA
FNDA:0,uriStopMallocW
FNDA:0,uriStopMallocA
FNDA:0,uriParseAuthorityW
FNDA:120,uriParseAuthorityA
FNDA:0,uriParseAuthorityTwoW
FNDA:60,uriParseAuthorityTwoA
FNDA:0,uriParseHexZeroW
FNDA:10,uriParseHexZeroA
FNDA:0,uriParseHierPartW
FNDA:120,uriParseHierPartA
FNDA:0,uriParseIpFutLoopW
FNDA:10,uriParseIpFutLoopA
FNDA:0,uriParseIpFutStopGoW
FNDA:10,uriParseIpFutStopGoA
FNDA:0,uriParseIpFutureW
FNDA:10,uriParseIpFutureA
FNDA:0,uriParseIpLit2W
FNDA:30,uriParseIpLit2A
FNDA:0,uriParseIPv6address2W
FNDA:20,uriParseIPv6address2A
FNDA:0,uriParseMustBeSegmentNzNcW
FNDA:0,uriParseMustBeSegmentNzNcA
FNDA:0,uriParseOwnHostW
FNDA:30,uriParseOwnHostA
FNDA:0,uriOnExitOwnHost2W
FNDA:30,uriOnExitOwnHost2A
FNDA:0,uriParseOwnHost2W
FNDA:430,uriParseOwnHost2A
FNDA:0,uriOnExitOwnHostUserInfoW
FNDA:50,uriOnExitOwnHostUserInfoA
FNDA:0,uriParseOwnHostUserInfoW
FNDA:510,uriParseOwnHostUserInfoA
FNDA:0,uriParseOwnHostUserInfoNzW
FNDA:540,uriParseOwnHostUserInfoNzA
FNDA:0,uriOnExitOwnPortUserInfoW
FNDA:0,uriOnExitOwnPortUserInfoA
FNDA:0,uriParseOwnPortUserInfoW
FNDA:20,uriParseOwnPortUserInfoA
FNDA:0,uriParseOwnUserInfoW
FNDA:60,uriParseOwnUserInfoA
FNDA:0,uriOnExitPartHelperTwoW
FNDA:20,uriOnExitPartHelperTwoA
FNDA:0,uriParsePartHelperTwoW
FNDA:140,uriParsePartHelperTwoA
FNDA:0,uriParsePathAbsEmptyW
FNDA:390,uriParsePathAbsEmptyA
FNDA:0,uriParsePathAbsNoLeadSlashW
FNDA:20,uriParsePathAbsNoLeadSlashA
FNDA:0,uriParsePathRootlessW
FNDA:10,uriParsePathRootlessA
FNDA:0,uriParsePcharW
FNDA:1980,uriParsePcharA
FNDA:0,uriParsePctEncodedW
FNDA:270,uriParsePctEncodedA
FNDA:0,uriParsePctSubUnresW
FNDA:950,uriParsePctSubUnresA
FNDA:0,uriParsePortW
FNDA:100,uriParsePortA
FNDA:0,uriParseQueryFragW
FNDA:140,uriParseQueryFragA
FNDA:0,uriParseSegmentW
FNDA:2150,uriParseSegmentA
FNDA:0,uriParseSegmentNzW
FNDA:10,uriParseSegmentNzA
FNDA:0,uriOnExitSegmentNzNcOrScheme2W
FNDA:0,uriOnExitSegmentNzNcOrScheme2A
FNDA:0,uriParseSegmentNzNcOrScheme2W
FNDA:360,uriParseSegmentNzNcOrScheme2A
FNDA:0,uriParseUriReferenceW
FNDA:150,uriParseUriReferenceA
FNDA:0,uriParseUriTailW
FNDA:150,uriParseUriTailA
FNDA:0,uriParseUriTailTwoW
FNDA:30,uriParseUriTailTwoA
FNDA:0,uriParseZeroMoreSlashSegsW
FNDA:10,uriParseZeroMoreSlashSegsA
FNDA:0,uriResetParserStateExceptUriW
FNDA:150,uriResetParserStateExceptUriA
FNDA:0,uriPushPathSegmentW
FNDA:280,uriPushPathSegmentA
FNDA:0,uriParseUriExW
FNDA:150,uriParseUriExA
FNDA:0,uriParseUriExMmW
FNDA:150,uriParseUriExMmA
FNDA:0,uriParseUriW
FNDA:150,uriParseUriA
FNDA:0,uriParseSingleUriW
FNDA:0,uriParseSingleUriA
FNDA:0,uriParseSingleUriExW
FNDA:0,uriParseSingleUriExA
FNDA:0,uriParseSingleUriExMmW
FNDA:0,uriParseSingleUriExMmA
FNDA:0,uriFreeUriMembersW
FNDA:0,uriFreeUriMembersA
FNDA:0,uriFreeUriMembersMmW
FNDA:150,uriFreeUriMembersMmA
FNDA:0,uri_TESTING_ONLY_ParseIpSixW
FNDA:0,uri_TESTING_ONLY_ParseIpSixA
FNDA:0,uri_TESTING_ONLY_ParseIpFourW
FNDA:0,uri_TESTING_ONLY_ParseIpFourA
FNF:102
FNH:41
DA:212,150
DA:214,150
DA:215,150
DA:216,150
DA:217,150
DA:221,0
DA:222,0
DA:223,0
DA:224,0
DA:225,0
DA:234,120
DA:237,120
DA:239,0
DA:240,0
DA:241,0
DA:244,120
DA:245,30
DA:247,30
DA:248,30
DA:249,30
DA:250,0
DA:252,30
DA:253,30
DA:256,80
DA:276,80
DA:277,80
DA:279,10
DA:281,10
DA:282,10
DA:283,10
DA:293,60
DA:294,60
DA:295,0
DA:298,60
DA:299,30
DA:301,30
DA:302,30
DA:303,0
DA:305,30
DA:306,30
DA:307,30
DA:310,30
DA:311,30
DA:321,10
DA:322,10
DA:323,0
DA:326,10
DA:327,0
DA:328,0
DA:330,10
DA:331,10
DA:342,120
DA:345,120
DA:346,0
DA:349,120
DA:350,10
DA:370,10
DA:372,110
DA:373,110
DA:375,0
DA:376,0
DA:387,10
DA:390,10
DA:391,0
DA:392,0
DA:395,10
DA:396,10
DA:414,10
DA:416,0
DA:417,0
DA:418,0
DA:428,10
DA:432,10
DA:433,0
DA:436,10
DA:437,0
DA:455,0
DA:457,10
DA:458,10
DA:467,10
DA:470,10
DA:471,0
DA:472,0
DA:482,10
DA:483,0
DA:484,0
DA:487,10
DA:488,10
DA:491,10
DA:492,10
DA:493,10
DA:494,0
DA:496,10
DA:497,0
DA:498,0
DA:500,10
DA:501,0
DA:502,0
DA:504,10
DA:505,10
DA:506,10
DA:507,10
DA:508,0
DA:510,10
DA:511,10
DA:512,10
DA:515,0
DA:516,0
DA:517,0
DA:534,30
DA:537,30
DA:538,0
DA:539,0
DA:542,30
DA:543,10
DA:545,10
DA:547,10
DA:548,0
DA:550,10
DA:551,0
DA:552,0
DA:554,10
DA:555,0
DA:556,0
DA:558,10
DA:561,20
DA:564,20
DA:565,20
DA:566,0
DA:567,0
DA:569,20
DA:571,0
DA:572,0
DA:573,0
DA:582,20
DA:586,20
DA:587,20
DA:588,20
DA:590,20
DA:593,20
DA:597,40
DA:598,0
DA:599,0
DA:603,30
DA:606,110
DA:607,30
DA:608,30
DA:609,0
DA:610,0
DA:612,30
DA:613,30
DA:615,20
DA:616,20
DA:617,20
DA:618,20
DA:620,0
DA:621,0
DA:622,20
DA:623,0
DA:625,0
DA:626,0
DA:627,20
DA:628,0
DA:630,0
DA:631,0
DA:632,20
DA:633,0
DA:634,0
DA:635,0
DA:637,0
DA:638,0
DA:639,0
DA:640,0
DA:642,0
DA:644,0
DA:648,20
DA:649,20
DA:650,20
DA:651,20
DA:653,10
DA:654,10
DA:655,10
DA:656,10
DA:658,0
DA:659,0
DA:660,10
DA:661,0
DA:663,0
DA:664,0
DA:665,10
DA:666,0
DA:668,0
DA:669,0
DA:670,10
DA:671,0
DA:672,0
DA:673,0
DA:675,0
DA:676,0
DA:677,0
DA:678,0
DA:680,0
DA:682,0
DA:685,10
DA:688,10
DA:689,10
DA:692,10
DA:694,10
DA:696,0
DA:697,0
DA:698,0
DA:700,50
DA:702,50
DA:703,0
DA:704,0
DA:709,20
DA:710,20
DA:712,480
DA:713,360
DA:714,360
DA:715,360
DA:716,0
DA:717,0
DA:719,360
DA:720,360
DA:721,360
DA:723,0
DA:724,0
DA:725,0
DA:726,0
DA:727,0
DA:729,0
DA:730,0
DA:731,0
DA:733,10
DA:734,10
DA:735,0
DA:736,0
DA:738,10
DA:739,10
DA:740,10
DA:742,90
DA:744,90
DA:746,90
DA:747,80
DA:748,70
DA:749,70
DA:751,10
DA:753,80
DA:754,80
DA:756,90
DA:759,90
DA:760,0
DA:761,0
DA:765,90
DA:766,0
DA:767,0
DA:769,90
DA:770,20
DA:772,20
DA:773,20
DA:774,0
DA:775,0
DA:779,20
DA:780,20
DA:783,20
DA:784,0
DA:785,0
DA:787,20
DA:788,0
DA:789,0
DA:793,90
DA:794,20
DA:797,90
DA:799,10
DA:800,10
DA:801,10
DA:802,10
DA:803,10
DA:804,10
DA:806,0
DA:807,0
DA:808,10
DA:809,0
DA:811,0
DA:812,0
DA:813,10
DA:814,0
DA:816,0
DA:817,0
DA:818,10
DA:819,0
DA:820,0
DA:821,0
DA:823,0
DA:824,0
DA:825,0
DA:826,0
DA:828,0
DA:830,0
DA:834,10
DA:835,10
DA:838,10
DA:839,10
DA:840,10
DA:842,10
DA:844,10
DA:845,0
DA:846,0
DA:849,10
DA:850,10
DA:851,10
DA:852,10
DA:854,0
DA:863,10
DA:864,10
DA:866,10
DA:867,10
DA:869,0
DA:870,0
DA:871,0
DA:873,470
DA:875,470
DA:876,0
DA:877,0
DA:879,470
DA:894,0
DA:897,0
DA:898,0
DA:899,0
DA:900,0
DA:902,0
DA:903,0
DA:906,0
DA:907,0
DA:909,0
DA:911,0
DA:912,0
DA:914,0
DA:917,0
DA:935,0
DA:937,0
DA:941,0
DA:942,0
DA:943,0
DA:945,0
DA:946,0
DA:947,0
DA:948,0
DA:950,0
DA:951,0
DA:952,0
DA:955,0
DA:956,0
DA:957,0
DA:959,0
DA:962,0
DA:963,0
DA:964,0
DA:965,0
DA:967,0
DA:968,0
DA:978,30
DA:981,30
DA:982,0
DA:983,0
DA:986,30
DA:987,0
DA:989,0
DA:990,0
DA:991,0
DA:992,0
DA:994,0
DA:995,0
DA:998,30
DA:999,30
DA:1005,30
DA:1008,30
DA:1011,30
DA:1012,30
DA:1013,0
DA:1015,60
DA:1016,60
DA:1018,30
DA:1019,30
DA:1021,30
DA:1030,430
DA:1033,430
DA:1034,0
DA:1035,0
DA:1036,0
DA:1038,0
DA:1041,430
DA:1042,400
DA:1061,400
DA:1063,400
DA:1064,0
DA:1066,400
DA:1069,30
DA:1070,30
DA:1071,0
DA:1072,0
DA:1074,30
DA:1080,50
DA:1083,50
DA:1084,50
DA:1085,50
DA:1088,50
DA:1089,50
DA:1090,0
DA:1092,100
DA:1093,100
DA:1095,30
DA:1096,30
DA:1098,50
DA:1107,510
DA:1110,510
DA:1111,0
DA:1112,0
DA:1113,0
DA:1115,0
DA:1118,510
DA:1119,460
DA:1139,460
DA:1141,50
DA:1142,50
DA:1143,0
DA:1144,0
DA:1146,50
DA:1157,540
DA:1160,540
DA:1161,0
DA:1162,0
DA:1165,540
DA:1166,510
DA:1185,510
DA:1187,510
DA:1188,0
DA:1190,510
DA:1193,20
DA:1194,20
DA:1195,20
DA:1196,20
DA:1198,10
DA:1199,10
DA:1200,10
DA:1201,10
DA:1203,0
DA:1204,0
DA:1205,0
DA:1211,0
DA:1214,0
DA:1215,0
DA:1216,0
DA:1219,0
DA:1220,0
DA:1221,0
DA:1223,0
DA:1224,0
DA:1226,0
DA:1227,0
DA:1229,0
DA:1247,20
DA:1250,20
DA:1251,0
DA:1252,0
DA:1253,0
DA:1255,0
DA:1258,20
DA:1260,20
DA:1280,20
DA:1281,20
DA:1282,20
DA:1284,0
DA:1285,0
DA:1287,0
DA:1288,0
DA:1290,0
DA:1292,0
DA:1293,0
DA:1295,0
DA:1298,0
DA:1299,0
DA:1300,0
DA:1301,0
DA:1302,0
DA:1303,0
DA:1305,0
DA:1306,0
DA:1307,0
DA:1308,0
DA:1310,0
DA:1321,60
DA:1324,60
DA:1325,0
DA:1326,0
DA:1329,60
DA:1330,40
DA:1349,40
DA:1351,40
DA:1352,0
DA:1354,40
DA:1357,0
DA:1358,0
DA:1360,20
DA:1362,20
DA:1363,20
DA:1364,20
DA:1366,0
DA:1367,0
DA:1368,0
DA:1374,20
DA:1375,20
DA:1376,20
DA:1384,140
DA:1387,140
DA:1388,0
DA:1389,0
DA:1392,140
DA:1393,120
DA:1395,120
DA:1396,120
DA:1398,120
DA:1399,0
DA:1401,120
DA:1403,120
DA:1405,120
DA:1408,20
DA:1409,20
DA:1410,20
DA:1420,390
DA:1423,390
DA:1424,0
DA:1427,390
DA:1428,270
DA:1430,270
DA:1431,270
DA:1432,270
DA:1433,0
DA:1435,270
DA:1436,0
DA:1437,0
DA:1439,270
DA:1442,120
DA:1443,120
DA:1453,20
DA:1456,20
DA:1457,0
DA:1460,20
DA:1461,0
DA:1482,0
DA:1484,0
DA:1485,0
DA:1487,0
DA:1488,0
DA:1489,0
DA:1491,0
DA:1494,20
DA:1495,20
DA:1504,10
DA:1507,10
DA:1509,10
DA:1510,0
DA:1512,10
DA:1513,0
DA:1514,0
DA:1517,10
DA:1529,1980
DA:1532,1980
DA:1533,0
DA:1534,0
DA:1537,1980
DA:1538,220
DA:1539,220
DA:1541,1760
DA:1560,1760
DA:1562,0
DA:1563,0
DA:1564,0
DA:1573,270
DA:1577,270
DA:1578,0
DA:1579,0
DA:1589,270
DA:1590,0
DA:1591,0
DA:1594,270
DA:1595,270
DA:1596,270
DA:1597,0
DA:1598,0
DA:1601,270
DA:1602,270
DA:1603,270
DA:1605,0
DA:1606,0
DA:1607,0
DA:1610,0
DA:1611,0
DA:1612,0
DA:1630,950
DA:1634,950
DA:1635,0
DA:1636,0
DA:1639,950
DA:1640,50
DA:1641,50
DA:1643,900
DA:1660,900
DA:1662,0
DA:1663,0
DA:1664,0
DA:1674,100
DA:1675,100
DA:1676,0
DA:1679,100
DA:1680,70
DA:1681,70
DA:1683,30
DA:1684,30
DA:1696,140
DA:1699,140
DA:1700,0
DA:1703,140
DA:1704,100
DA:1725,100
DA:1727,100
DA:1728,0
DA:1730,100
DA:1733,0
DA:1735,0
DA:1737,40
DA:1738,40
DA:1748,2150
DA:1751,2150
DA:1752,0
DA:1755,2150
DA:1756,1870
DA:1777,1870
DA:1779,1870
DA:1780,0
DA:1782,1870
DA:1785,280
DA:1786,280
DA:1795,10
DA:1799,10
DA:1801,10
DA:1802,0
DA:1804,10
DA:1809,0
DA:1812,0
DA:1813,0
DA:1815,0
DA:1816,0
DA:1845,360
DA:1848,360
DA:1849,0
DA:1850,0
DA:1851,0
DA:1853,0
DA:1856,360
DA:1857,240
DA:1862,240
DA:1864,0
DA:1866,0
DA:1868,0
DA:1869,0
DA:1871,0
DA:1874,0
DA:1887,0
DA:1889,0
DA:1892,0
DA:1893,0
DA:1894,0
DA:1895,0
DA:1897,0
DA:1898,0
DA:1899,0
DA:1901,0
DA:1902,0
DA:1903,0
DA:1904,0
DA:1907,0
DA:1908,0
DA:1909,0
DA:1911,0
DA:1914,120
DA:1916,120
DA:1917,120
DA:1918,120
DA:1919,120
DA:1920,0
DA:1922,120
DA:1925,0
DA:1926,0
DA:1927,0
DA:1928,0
DA:1930,0
DA:1949,150
DA:1952,150
DA:1953,0
DA:1956,150
DA:1957,120
DA:1958,120
DA:1959,120
DA:1961,0
DA:1978,0
DA:1979,0
DA:1981,0
DA:1983,0
DA:1985,0
DA:1986,0
DA:1988,0
DA:1989,0
DA:1992,30
DA:1994,30
DA:1995,30
DA:1996,30
DA:1997,0
DA:1999,30
DA:2002,0
DA:2003,0
DA:2014,150
DA:2018,150
DA:2019,0
DA:2022,150
DA:2023,10
DA:2025,10
DA:2026,10
DA:2027,0
DA:2029,10
DA:2030,10
DA:2031,10
DA:2034,30
DA:2036,30
DA:2037,30
DA:2038,30
DA:2039,0
DA:2041,30
DA:2042,30
DA:2043,30
DA:2046,110
DA:2047,110
DA:2057,30
DA:2061,30
DA:2062,0
DA:2065,30
DA:2066,0
DA:2068,0
DA:2069,0
DA:2070,0
DA:2072,0
DA:2073,0
DA:2074,0
DA:2077,30
DA:2078,30
DA:2088,10
DA:2091,10
DA:2092,0
DA:2095,10
DA:2096,0
DA:2098,0
DA:2099,0
DA:2100,0
DA:2101,0
DA:2103,0
DA:2104,0
DA:2105,0
DA:2107,0
DA:2110,10
DA:2111,10
DA:2117,150
DA:2118,150
DA:2119,150
DA:2120,150
DA:2121,150
DA:2125,280
DA:2128,280
DA:2129,280
DA:2130,0
DA:2132,280
DA:2133,10
DA:2134,10
DA:2136,270
DA:2137,270
DA:2141,280
DA:2143,80
DA:2144,80
DA:2147,200
DA:2148,200
DA:2151,280
DA:2156,150
DA:2158,150
DA:2163,150
DA:2170,150
DA:2171,0
DA:2173,150
DA:2175,150
DA:2178,150
DA:2179,150
DA:2182,150
DA:2183,150
DA:2185,0
DA:2186,0
DA:2188,0
DA:2190,150
DA:2191,150
DA:2192,150
DA:2194,0
DA:2196,150
DA:2198,0
DA:2203,150
DA:2204,150
DA:2205,0
DA:2207,150
DA:2212,0
DA:2214,0
DA:2219,0
DA:2222,0
DA:2223,0
DA:2225,0
DA:2230,0
DA:2237,0
DA:2238,0
DA:2240,0
DA:2242,0
DA:2244,0
DA:2246,0
DA:2247,0
DA:2248,0
DA:2250,0
DA:2253,0
DA:2258,0
DA:2259,0
DA:2260,0
DA:2264,150
DA:2265,150
DA:2266,0
DA:2269,150
DA:2271,150
DA:2273,0
DA:2274,0
DA:2275,0
DA:2277,0
DA:2278,0
DA:2282,0
DA:2283,0
DA:2284,0
DA:2286,0
DA:2287,0
DA:2291,0
DA:2292,0
DA:2293,0
DA:2295,0
DA:2296,0
DA:2297,0
DA:2298,0
DA:2302,0
DA:2303,0
DA:2304,0
DA:2306,0
DA:2307,0
DA:2309,0
DA:2310,0
DA:2315,150
DA:2316,20
DA:2317,20
DA:2321,150
DA:2322,20
DA:2323,20
DA:2327,150
DA:2328,0
DA:2329,0
DA:2331,0
DA:2332,0
DA:2336,150
DA:2337,80
DA:2338,440
DA:2339,280
DA:2340,280
DA:2341,0
DA:2342,0
DA:2344,280
DA:2345,280
DA:2347,80
DA:2348,80
DA:2351,150
DA:2353,0
DA:2354,0
DA:2355,0
DA:2357,0
DA:2358,0
DA:2362,0
DA:2363,0
DA:2364,0
DA:2366,0
DA:2367,0
DA:2371,150
DA:2376,0
DA:2377,0
DA:2380,0
DA:2383,0
DA:2384,0
DA:2385,0
DA:2386,0
DA:2387,0
DA:2388,0
DA:2389,0
DA:2394,0
DA:2396,0
DA:2397,0
LF:911
LH:459
end_of_record
TN:
SF:/root/test/uriparser/src/UriParseBase.c
FN:46,uriWriteQuadToDoubleByte
FN:77,uriGetOctetValue
FNDA:90,uriWriteQuadToDoubleByte
FNDA:40,uriGetOctetValue
FNF:2
FNH:2
DA:46,90
DA:47,90
DA:48,0
DA:50,0
DA:51,0
DA:52,0
DA:54,0
DA:56,0
DA:57,0
DA:58,0
DA:60,0
DA:62,0
DA:63,0
DA:64,0
DA:66,90
DA:68,90
DA:69,90
DA:70,90
DA:73,90
DA:77,40
DA:78,40
DA:79,40
DA:80,40
DA:82,0
DA:83,0
DA:85,0
DA:87,0
LF:27
LH:11
end_of_record
TN:
SF:/root/test/uriparser/src/UriResolve.c
FN:74,uriMergePathA
FN:74,uriMergePathW
FN:125,uriResolveAbsolutePathFlagW
FN:125,uriResolveAbsolutePathFlagA
FN:153,uriAddBaseUriImplW
FN:153,uriAddBaseUriImplA
FN:297,uriAddBaseUriW
FN:297,uriAddBaseUriA
FN:305,uriAddBaseUriExW
FN:305,uriAddBaseUriExA
FN:313,uriAddBaseUriExMmA
FN:313,uriAddBaseUriExMmW
FNDA:0,uriMergePathW
FNDA:0,uriMergePathA
FNDA:0,uriResolveAbsolutePathFlagW
FNDA:0,uriResolveAbsolutePathFlagA
FNDA:0,uriAddBaseUriImplW
FNDA:0,uriAddBaseUriImplA
FNDA:0,uriAddBaseUriW
FNDA:0,uriAddBaseUriA
FNDA:0,uriAddBaseUriExW
FNDA:0,uriAddBaseUriExA
FNDA:0,uriAddBaseUriExMmW
FNDA:0,uriAddBaseUriExMmA
FNF:12
FNH:0
DA:74,0
DA:78,0
DA:79,0
DA:83,0
DA:84,0
DA:85,0
DA:86,0
DA:88,0
DA:89,0
DA:90,0
DA:92,0
DA:93,0
DA:96,0
DA:97,0
DA:98,0
DA:100,0
DA:102,0
DA:103,0
DA:104,0
DA:105,0
DA:106,0
DA:107,0
DA:109,0
DA:110,0
DA:112,0
DA:113,0
DA:114,0
DA:115,0
DA:117,0
DA:118,0
DA:121,0
DA:125,0
DA:127,0
DA:128,0
DA:131,0
DA:133,0
DA:134,0
DA:135,0
DA:136,0
DA:138,0
DA:139,0
DA:140,0
DA:142,0
DA:143,0
DA:146,0
DA:149,0
DA:153,0
DA:159,0
DA:160,0
DA:162,0
DA:164,0
DA:165,0
DA:169,0
DA:170,0
DA:176,0
DA:177,0
DA:178,0
DA:179,0
DA:180,0
DA:182,0
DA:187,0
DA:189,0
DA:191,0
DA:192,0
DA:195,0
DA:196,0
DA:198,0
DA:199,0
DA:202,0
DA:206,0
DA:208,0
DA:209,0
DA:212,0
DA:213,0
DA:215,0
DA:216,0
DA:219,0
DA:223,0
DA:224,0
DA:227,0
DA:229,0
DA:230,0
DA:233,0
DA:235,0
DA:239,0
DA:245,0
DA:248,0
DA:249,0
DA:251,0
DA:252,0
DA:253,0
DA:255,0
DA:256,0
DA:261,0
DA:262,0
DA:264,0
DA:265,0
DA:268,0
DA:269,0
DA:272,0
DA:273,0
DA:278,0
DA:281,0
DA:285,0
DA:289,0
DA:291,0
DA:297,0
DA:299,0
DA:300,0
DA:305,0
DA:308,0
DA:313,0
DA:318,0
DA:320,0
DA:321,0
DA:322,0
DA:324,0
LF:117
LH:0
end_of_record
TN:
SF:/root/test/uriparser/src/UriNormalizeBase.c
FN:46,uriIsUnreserved
FNDA:0,uriIsUnreserved
FNF:1
FNH:0
DA:46,0
DA:47,0
DA:48,0
DA:114,0
DA:116,0
DA:117,0
LF:6
LH:0
end_of_record
TN:
SF:/root/test/uriparser/src/UriCompare.c
FN:72,uriEqualsUriA
FN:72,uriEqualsUriW
FNDA:0,uriEqualsUriW
FNDA:0,uriEqualsUriA
FNF:2
FNH:0
DA:72,0
DA:75,0
DA:76,0
DA:80,0
DA:81,0
DA:85,0
DA:86,0
DA:90,0
DA:91,0
DA:95,0
DA:96,0
DA:97,0
DA:98,0
DA:99,0
DA:102,0
DA:103,0
DA:104,0
DA:108,0
DA:109,0
DA:110,0
DA:114,0
DA:115,0
DA:116,0
DA:120,0
DA:121,0
DA:122,0
DA:123,0
DA:124,0
DA:129,0
DA:130,0
DA:134,0
DA:135,0
DA:138,0
DA:139,0
DA:140,0
DA:142,0
DA:143,0
DA:145,0
DA:146,0
DA:148,0
DA:149,0
DA:150,0
DA:154,0
DA:155,0
DA:159,0
DA:160,0
DA:163,0
LF:47
LH:0
end_of_record
TN:
SF:/root/test/uriparser/src/UriMemory.c
FN:75,uriDefaultMalloc
FN:82,uriDefaultCalloc
FN:89,uriDefaultRealloc
FN:96,uriDefaultReallocarray
FN:111,uriDefaultFree
FN:118,uriMemoryManagerIsComplete
FN:129,uriEmulateCalloc
FN:151,uriEmulateReallocarray
FN:167,uriDecorateMalloc
FN:202,uriDecorateRealloc
FN:247,uriDecorateFree
FN:264,uriCompleteMemoryManager
FN:288,uriTestMemoryManager
FNDA:100,uriDefaultMalloc
FNDA:280,uriDefaultCalloc
FNDA:0,uriDefaultRealloc
FNDA:0,uriDefaultReallocarray
FNDA:380,uriDefaultFree
FNDA:150,uriMemoryManagerIsComplete
FNDA:0,uriEmulateCalloc
FNDA:0,uriEmulateReallocarray
FNDA:0,uriDecorateMalloc
FNDA:0,uriDecorateRealloc
FNDA:0,uriDecorateFree
FNDA:0,uriCompleteMemoryManager
FNDA:0,uriTestMemoryManager
FNF:13
FNH:4
DA:75,100
DA:77,100
DA:82,280
DA:84,280
DA:89,0
DA:91,0
DA:96,0
DA:99,0
DA:111,380
DA:113,380
DA:114,380
DA:118,150
DA:120,150
DA:121,150
DA:122,150
DA:123,150
DA:124,300
DA:129,0
DA:131,0
DA:133,0
DA:134,0
DA:135,0
DA:138,0
DA:140,0
DA:141,0
DA:143,0
DA:145,0
DA:146,0
DA:151,0
DA:153,0
DA:155,0
DA:156,0
DA:157,0
DA:160,0
DA:162,0
DA:167,0
DA:170,0
DA:173,0
DA:174,0
DA:175,0
DA:179,0
DA:180,0
DA:181,0
DA:184,0
DA:185,0
DA:186,0
DA:187,0
DA:190,0
DA:191,0
DA:192,0
DA:195,0
DA:197,0
DA:202,0
DA:207,0
DA:208,0
DA:209,0
DA:214,0
DA:215,0
DA:220,0
DA:221,0
DA:222,0
DA:225,0
DA:228,0
DA:229,0
DA:232,0
DA:233,0
DA:235,0
DA:238,0
DA:240,0
DA:242,0
DA:247,0
DA:250,0
DA:251,0
DA:254,0
DA:255,0
DA:256,0
DA:259,0
DA:264,0
DA:266,0
DA:267,0
DA:270,0
DA:271,0
DA:274,0
DA:275,0
DA:277,0
DA:278,0
DA:279,0
DA:281,0
DA:283,0
DA:288,0
DA:289,0
DA:290,0
DA:291,0
DA:292,0
DA:293,0
DA:294,0
DA:295,0
DA:296,0
DA:300,0
DA:301,0
DA:304,0
DA:305,0
DA:309,0
DA:310,0
DA:311,0
DA:313,0
DA:314,0
DA:315,0
DA:318,0
DA:319,0
DA:320,0
DA:322,0
DA:323,0
DA:324,0
DA:327,0
DA:328,0
DA:329,0
DA:332,0
DA:333,0
DA:334,0
DA:336,0
DA:337,0
DA:339,0
DA:340,0
DA:341,0
DA:343,0
DA:344,0
DA:345,0
DA:348,0
DA:349,0
DA:350,0
DA:353,0
DA:354,0
DA:355,0
DA:357,0
DA:358,0
DA:359,0
DA:362,0
DA:363,0
DA:364,0
DA:366,0
DA:367,0
DA:368,0
DA:371,0
DA:372,0
DA:373,0
DA:374,0
DA:378,0
DA:379,0
DA:380,0
DA:382,0
DA:383,0
DA:385,0
DA:387,0
DA:388,0
DA:390,0
DA:391,0
DA:392,0
DA:395,0
DA:396,0
DA:397,0
DA:400,0
DA:401,0
DA:402,0
DA:404,0
DA:405,0
DA:406,0
DA:409,0
DA:410,0
DA:411,0
DA:413,0
DA:414,0
DA:415,0
DA:418,0
DA:419,0
DA:420,0
DA:422,0
DA:423,0
DA:424,0
DA:427,0
DA:428,0
DA:429,0
DA:431,0
DA:432,0
DA:433,0
DA:436,0
DA:437,0
DA:438,0
DA:439,0
DA:443,0
DA:444,0
DA:445,0
DA:446,0
DA:450,0
DA:451,0
DA:452,0
DA:453,0
DA:456,0
LF:198
LH:13
end_of_record
TN:
SF:/root/test/uriparser/src/UriIp4Base.c
FN:51,uriStackToOctet
FN:76,uriPushToStack
FNDA:110,uriStackToOctet
FNDA:260,uriPushToStack
FNF:2
FNH:2
DA:51,110
DA:52,110
DA:53,30
DA:54,30
DA:55,30
DA:57,20
DA:58,40
DA:59,20
DA:60,20
DA:62,60
DA:63,120
DA:64,60
DA:65,60
DA:66,60
DA:68,110
DA:71,110
DA:72,110
DA:76,260
DA:77,260
DA:78,120
DA:79,120
DA:80,120
DA:81,120
DA:83,80
DA:84,80
DA:85,80
DA:86,80
DA:88,60
DA:89,60
DA:90,60
DA:91,60
DA:93,260
DA:96,260
LF:33
LH:33
end_of_record
